27308: 08:56:04.947 - ---
27308: 08:56:04.947 - Service: "Photon Socket Server" starting
27308: 08:56:04.947 - Config File: C:\Projects\ArcherTank\Server\Photon-OnPremise-Server-Plugin-SDK_v4-0-29-11263\deploy\bin_Win64\PhotonServer.config
27308: 08:56:04.953 - Will produce at most: 10 crash dumps
27308: 08:56:04.953 - Action: run as exe
27308: 08:56:04.953 - Server Starting...
27308: 08:56:04.953 -    Tick count: 463639828 (wraps in: 44.3441 days)
27308: 08:56:04.953 - Tick count 64: 463639828
27308: 08:56:04.953 - Photon Version: 4.0.28.2962
27308: 08:56:04.953 - PID: 30048
27308: 08:56:04.953 - Config File: C:\Projects\ArcherTank\Server\Photon-OnPremise-Server-Plugin-SDK_v4-0-29-11263\deploy\bin_Win64\PhotonServer.config
27308: 08:56:04.954 - Will NOT log unimportant exceptions
27308: 08:56:04.955 - Not using performance counters as they are not currently installed. Run the service with /InstallCounters to install them.
27308: 08:56:04.955 - Shutdown timeout enabled: 30000ms
27308: 08:56:04.955 - Starting I/O thread pool with 2 threads
27308: 08:56:04.955 - Using Standard allocator
27308: 08:56:04.955 - Max message size: 512000
27308: 08:56:04.955 - Starting business logic thread pool with the following settings
27308: 08:56:04.955 - InitialThreads: 4 threads
27308: 08:56:04.955 - MinThreads: 4 threads
27308: 08:56:04.955 - Thread pool is fixed size
27308: 08:56:04.955 - Starting ENet thread pool with the following settings
27308: 08:56:04.955 - InitialThreads: 2 threads
27308: 08:56:04.956 - MinThreads: 2 threads
27308: 08:56:04.956 - Thread pool is fixed size
27308: 08:56:04.956 - OnlyDispatchTimers: False
27308: 08:56:04.956 - S2S: flow control: Max pending writes: 50
27308: 08:56:04.956 - S2S: flow control: Max queued buffers: 200
27308: 08:56:04.956 - S2S: flow control: Max pending writes MUX: 500
27308: 08:56:04.956 - S2S: flow control: Max queued buffers MUX: 2000
27308: 08:56:04.956 - S2S: MaxInboundMessageSize: 512000
27308: 08:56:04.956 - S2S: MaxOutboundMessageSize: 512000
27308: 08:56:04.956 - S2S: No inactivity timeout
27308: 08:56:04.957 - WebSocket S2S: MaxInboundMessageSize: 512000
27308: 08:56:04.957 - WebSocket S2S: MaxOutboundMessageSize: 512000
27308: 08:56:04.957 - WebSocket S2S: No inactivity timeout
27308: 08:56:04.957 - Max Reliable Data In Transit (awaiting ACKs) per peer : 51200 bytes
27308: 08:56:04.957 - Per peer bandwidth limit
27308: 08:56:04.957 - Transmit Rate Limit: 256 KB/Sec
27308: 08:56:04.957 - Limit period: 200ms
27308: 08:56:04.957 - Limit per period: 52428 bytes
27308: 08:56:04.957 - Max queued data for transmission per peer: 512000 bytes
27308: 08:56:04.957 - Minimum retransmit timeout: 200
27308: 08:56:04.957 - No Maximum retransmit timeout
27308: 08:56:04.957 - Minimum ENet timeout: 5000ms
27308: 08:56:04.957 - Maximum ENet timeout: 30000ms
27308: 08:56:04.957 - Max Inbound Reliable Data Queued (awaiting resends of earlier sequence numbers) per peer : 163840 bytes
27308: 08:56:04.957 - No RTT ACK adjustment timeout
27308: 08:56:04.957 - Outbound ENet: MaxInboundMessageSize: 512000
27308: 08:56:04.957 - Outbound ENet: MaxOutboundMessageSize: 512000
27308: 08:56:04.959 - GetRuntime - About to load CLR - versions available:
27308: 08:56:04.959 - v2.0.50727
27308: 08:56:04.959 - v4.0.30319
27308: 08:56:04.959 - Configuration requests: "v2.0.50727"
27308: 08:56:04.959 - About to load version: "v2.0.50727"
27308: 08:56:05.009 - About to load runtime: PhotonHostRuntime.PhotonDomainManager from PhotonHostRuntime, Culture=neutral, PublicKeyToken=02C301B61B060C4D
27308: 08:56:05.009 - CLRBaseDirectory set to "C:\Projects\ArcherTank\Server\Photon-OnPremise-Server-Plugin-SDK_v4-0-29-11263\deploy"
27308: 08:56:05.009 - Optimising event broadcast for 20 or more peers
27308: 08:56:05.010 - Start: About to load CLR - versions available:
27308: 08:56:05.010 - v2.0.50727
27308: 08:56:05.010 - v4.0.30319
27308: 08:56:05.010 - No preference in configuration file, will load latest.
27308: 08:56:05.010 - About to load version: "v4.0.30319"
27308: 08:56:05.010 - Loaded version: "v4.0.30319"
27308: 08:56:05.112 - Photon host runtime loaded
27308: 08:56:06.830 - LICENSE: No license file was found. Starting with Bootstrap License.
27308: 08:56:06.831 - License is valid.
27308: 08:56:06.831 - Licensed for 20 concurrent connections.
27308: 08:56:06.831 - ENet: Max Reliable Data In Transit (awaiting ACKs) per peer : 51200 bytes
27308: 08:56:06.831 - ENet: Per peer bandwidth limit
27308: 08:56:06.831 - ENet: Transmit Rate Limit: 256 KB/Sec
27308: 08:56:06.831 - ENet: Limit period: 200ms
27308: 08:56:06.831 - ENet: Limit per period: 52428 bytes
27308: 08:56:06.832 - ENet: Max queued data for transmission per peer: 512000 bytes
27308: 08:56:06.832 - ENet: Minimum retransmit timeout: 200
27308: 08:56:06.832 - No Maximum retransmit timeout
27308: 08:56:06.832 - ENet: Minimum timeout: 5000ms
27308: 08:56:06.832 - ENet: Maximum timeout: 30000ms
27308: 08:56:06.832 - ENet: Max Inbound Reliable Data Queued (awaiting resends of earlier sequence numbers) per peer : 163840 bytes
27308: 08:56:06.832 - No RTT ACK adjustment timeout
27308: 08:56:06.832 - About to load application: Master from Photon.LoadBalancing
27308: 08:56:06.832 - Auto restart is enabled for application, existing connections will be terminated during restart
27308: 08:56:06.832 - Application will restart 1000ms after the last change detected
27308: 08:56:06.832 - Application will restart if files matching the following are changed: "dll;config"
27308: 08:56:06.832 - Application will NOT restart if files matching the following are changed: "log4net.config"
27308: 08:56:06.891 - Taking reference on default app domain
27308: 08:56:06.928 - Application: "Master" started in app domain: 2
27308: 08:56:06.928 - About to load application: Game from Photon.LoadBalancing
27308: 08:56:06.928 - Auto restart is enabled for application, existing connections will be terminated during restart
27308: 08:56:06.928 - Application will restart 1000ms after the last change detected
27308: 08:56:06.928 - Application will restart if files matching the following are changed: "dll;config"
27308: 08:56:06.928 - Application will NOT restart if files matching the following are changed: "log4net.config"
27308: 08:56:06.964 - Taking reference on default app domain
27308: 08:56:07.014 - Application: "Game" started in app domain: 3
27308: 08:56:07.014 - About to load application: CounterPublisher from CounterPublisher
27308: 08:56:07.014 - Auto restart is enabled for application, existing connections will be terminated during restart
27308: 08:56:07.014 - Application will restart 1000ms after the last change detected
27308: 08:56:07.014 - Application will restart if files matching the following are changed: "dll;config"
27308: 08:56:07.014 - Application will NOT restart if files matching the following are changed: "log4net.config"
27308: 08:56:07.051 - Taking reference on default app domain
27308: 08:56:07.075 - Application: "CounterPublisher" started in app domain: 4
27308: 08:56:07.075 - Adding TCP listener on: 0.0.0.0: 4530 with a listen backlog of: 150
27308: 08:56:07.075 - TCP inactivity timeout: 10000ms
27308: 08:56:07.075 - TCP disconnect timeout: 120000ms
27308: 08:56:07.075 - MaxInboundMessageSize: 512000
27308: 08:56:07.075 - MaxOutboundMessageSize: 512000
27308: 08:56:07.075 - Forcing all applications ids to: "Master"
27308: 08:56:07.075 - Serving policy file requests from: "C:\Projects\ArcherTank\Server\Photon-OnPremise-Server-Plugin-SDK_v4-0-29-11263\deploy\Policy\assets\socket-policy.xml"
27308: 08:56:07.075 - Adding TCP listener on: 0.0.0.0: 4531 with a listen backlog of: 150
27308: 08:56:07.075 - TCP inactivity timeout: 10000ms
27308: 08:56:07.075 - TCP disconnect timeout: 120000ms
27308: 08:56:07.075 - MaxInboundMessageSize: 512000
27308: 08:56:07.075 - MaxOutboundMessageSize: 512000
27308: 08:56:07.075 - Forcing all applications ids to: "Game"
27308: 08:56:07.075 - Serving policy file requests from: "C:\Projects\ArcherTank\Server\Photon-OnPremise-Server-Plugin-SDK_v4-0-29-11263\deploy\Policy\assets\socket-policy.xml"
27308: 08:56:07.075 - Adding TCP listener on: 0.0.0.0: 4520 with a listen backlog of: 150
27308: 08:56:07.075 - TCP inactivity timeout: 5000ms
27308: 08:56:07.075 - TCP disconnect timeout: 120000ms
27308: 08:56:07.075 - MaxInboundMessageSize: 512000
27308: 08:56:07.075 - MaxOutboundMessageSize: 512000
27308: 08:56:07.075 - Forcing all applications ids to: "Master"
27308: 08:56:07.075 - MaxInboundMessageSize: 512000
27308: 08:56:07.075 - MaxOutboundMessageSize: 512000
27308: 08:56:07.075 - UDP address specified as: "0.0.0.0" adding listener to each available IPv4 address
27308: 08:56:07.076 - Adding UDP listener on: 192.168.1.8: 5055 with a listen backlog of: 500
27308: 08:56:07.076 - Adding UDP listener on: 127.0.0.1: 5055 with a listen backlog of: 500
27308: 08:56:07.076 - Forcing all applications ids to: "Game"
27308: 08:56:07.076 - MaxInboundMessageSize: 512000
27308: 08:56:07.076 - MaxOutboundMessageSize: 512000
27308: 08:56:07.076 - UDP address specified as: "0.0.0.0" adding listener to each available IPv4 address
27308: 08:56:07.076 - Adding UDP listener on: 192.168.1.8: 5056 with a listen backlog of: 500
27308: 08:56:07.076 - Adding UDP listener on: 127.0.0.1: 5056 with a listen backlog of: 500
27308: 08:56:07.076 - Adding WebSocket TCP listener on: 0.0.0.0: 9090 with a listen backlog of: 150
27308: 08:56:07.076 - Nagle disabled
27308: 08:56:07.076 - TCP inactivity timeout: 10000ms
27308: 08:56:07.076 - MaxInboundMessageSize: 512000
27308: 08:56:07.076 - MaxOutboundMessageSize: 512000
27308: 08:56:07.076 - Forcing all applications ids to: "Master"
27308: 08:56:07.076 - Will accept ANY sub-protocols from the client
27308: 08:56:07.076 - No automatic WebSocket ping
27308: 08:56:07.076 - Adding WebSocket TCP listener on: 0.0.0.0: 9091 with a listen backlog of: 150
27308: 08:56:07.076 - Nagle disabled
27308: 08:56:07.076 - TCP inactivity timeout: 10000ms
27308: 08:56:07.076 - MaxInboundMessageSize: 512000
27308: 08:56:07.076 - MaxOutboundMessageSize: 512000
27308: 08:56:07.076 - Forcing all applications ids to: "Game"
27308: 08:56:07.076 - Will accept ANY sub-protocols from the client
27308: 08:56:07.076 - No automatic WebSocket ping
27308: 08:56:07.076 - Adding Policy File listener on: 0.0.0.0: 843 with a listen backlog of: 150 and serving Policy File: "C:\Projects\ArcherTank\Server\Photon-OnPremise-Server-Plugin-SDK_v4-0-29-11263\deploy\Policy\assets\socket-policy.xml"
27308: 08:56:07.076 - TCP inactivity timeout: 1000ms
27308: 08:56:07.076 - Adding Policy File listener on: 0.0.0.0: 943 with a listen backlog of: 150 and serving Policy File: "C:\Projects\ArcherTank\Server\Photon-OnPremise-Server-Plugin-SDK_v4-0-29-11263\deploy\Policy\assets\socket-policy-silverlight.xml"
27308: 08:56:07.076 - TCP inactivity timeout: 1000ms
27308: 08:56:07.103 - Service is running...
27308: 09:11:30.910 - Service is stopped...
27308: 09:11:30.910 - Server shutting down...
27308: 09:11:30.910 - Shutdown monitoring enabled, 30000ms before process abort
27308: 09:11:30.910 - Notifying CLR applications of shutdown...
27308: 09:11:30.910 - RequestApplicationStop: 4
27308: 09:11:30.917 - RequestApplicationStop: 3
27308: 09:11:30.921 - RequestApplicationStop: 2
27308: 09:11:30.923 - RequestStop: defalt app domain
27308: 09:11:30.924 - Shutting down WebSocket Outbound Connection Manager...
27308: 09:11:30.924 - Shutting down TCP Outbound Connection Manager...
27308: 09:11:30.924 - Shutting down ENet Outbound Connection Manager...
27308: 09:11:30.924 - Disconnecting all outbound peers...
27308: 09:11:30.924 - Shutting down ENet host...
27308: 09:11:30.924 - Disconnecting all peers...
27308: 09:11:30.924 - Shutting down socket servers...
27308: 09:11:30.924 - Shutting down ENet thread pool...
27308: 09:11:30.924 - Shutting down TCP inactivity timers...
27308: 09:11:30.924 - WaitingForShutdownToComplete: NativePolicy:0.0.0.0:843
27308: 09:11:30.924 - OnShutdownCompleted: NativePolicy:0.0.0.0:843
27308: 09:11:30.924 - WaitingForShutdownToComplete: NativePolicy:0.0.0.0:943
27308: 09:11:30.924 - OnShutdownCompleted: NativePolicy:0.0.0.0:943
27308: 09:11:30.924 - WaitingForShutdownToComplete: TCP:0.0.0.0:4520
27308: 09:11:30.924 - OnShutdownCompleted: TCP:0.0.0.0:4520
27308: 09:11:30.924 - WaitingForShutdownToComplete: TCP:0.0.0.0:4530
27308: 09:11:30.924 - OnShutdownCompleted: TCP:0.0.0.0:4530
27308: 09:11:30.924 - WaitingForShutdownToComplete: TCP:0.0.0.0:4531
27308: 09:11:30.924 - OnShutdownCompleted: TCP:0.0.0.0:4531
27308: 09:11:30.924 - WaitingForShutdownToComplete: UDP:127.0.0.1:5055
27308: 09:11:30.924 - OnShutdownCompleted: UDP:127.0.0.1:5055
27308: 09:11:30.924 - WaitingForShutdownToComplete: UDP:127.0.0.1:5056
27308: 09:11:30.924 - OnShutdownCompleted: UDP:127.0.0.1:5056
27308: 09:11:30.924 - WaitingForShutdownToComplete: UDP:192.168.1.8:5055
27308: 09:11:30.924 - OnShutdownCompleted: UDP:192.168.1.8:5055
27308: 09:11:30.924 - WaitingForShutdownToComplete: UDP:192.168.1.8:5056
27308: 09:11:30.924 - OnShutdownCompleted: UDP:192.168.1.8:5056
27308: 09:11:30.924 - WaitingForShutdownToComplete: WebSocket:0.0.0.0:9090
27308: 09:11:30.924 - OnShutdownCompleted: WebSocket:0.0.0.0:9090
27308: 09:11:30.924 - WaitingForShutdownToComplete: WebSocket:0.0.0.0:9091
27308: 09:11:30.924 - OnShutdownCompleted: WebSocket:0.0.0.0:9091
27308: 09:11:30.924 - Shutting down CLR applications...
17884: 09:11:30.926 - CManagedHost::OnDefaultAction() - OPR_AppDomainUnload - eUnloadAppDomain
27308: 09:11:30.929 - Shutting down business logic thread pool...
27308: 09:11:30.929 - Shutting down I/O thread pool...
27308: 09:11:30.929 - Destroying servers
27308: 09:11:30.929 - Destroying WebSocket Outbound Connection Manager
27308: 09:11:30.929 - Destroying TCP Outbound Connection Manager
27308: 09:11:30.929 - Destroying TCP inactivity timer
27308: 09:11:30.929 - Destroying ENet timer wheel
27308: 09:11:30.929 - Destroying ENet host
27308: 09:11:30.930 - Destroying ENet outbound host
27308: 09:11:30.930 - Destroying HTTP inactivity timer
27308: 09:11:30.930 - Destroying HTTP host
27308: 09:11:30.930 - Destroying HTTP Chunk host
27308: 09:11:30.930 - Flushing ENET buffer allocator...
27308: 09:11:30.931 - Flushing TCP buffer handle allocator...
27308: 09:11:30.931 - Flushing stream socket allocator...
27308: 09:11:30.931 - Flushing inbound datagram socket allocator...
27308: 09:11:30.931 - Flushing outbound datagram socket allocator...
27308: 09:11:30.931 - Destroying CLR dispatcher
27308: 09:11:30.932 - Destroying CLR applications
27308: 09:11:30.932 - ~CCLRApplicationCollection() - Waiting up to 10 seconds for the CLR to release all of our objects
14420: 09:11:30.933 - Unloading Domain: ApplicationName = 'CounterPublisher', DomainId='4'
17884: 09:11:30.933 - CManagedHost::OnDomainUnload() - 4
17884: 09:11:30.940 - CManagedHost::OnDefaultAction() - OPR_AppDomainUnload - eUnloadAppDomain
14420: 09:11:30.947 - Unloading Domain: ApplicationName = 'Master', DomainId='2'
17884: 09:11:30.947 - CManagedHost::OnDomainUnload() - 2
17884: 09:11:30.952 - CManagedHost::OnDefaultAction() - OPR_AppDomainUnload - eUnloadAppDomain
14420: 09:11:30.958 - Unloading Domain: ApplicationName = 'Game', DomainId='3'
17884: 09:11:30.958 - CManagedHost::OnDomainUnload() - 3
27308: 09:11:30.963 - ~CCLRApplicationCollection() - Done. All objects released
27308: 09:11:30.963 - ~CManagedHost() - Release default app domain
27308: 09:11:30.963 - CManagedHost::OnDomainUnload() - 1
27308: 09:11:30.963 - ~CManagedHost() - Waiting up to 10 seconds for CLR shutdown...
27308: 09:11:30.963 - ~CManagedHost
27308: 09:11:30.963 - Destroying ENet thread pool
27308: 09:11:30.963 - Destroying Business logic thread pool
27308: 09:11:30.963 - Destroying I/O thread pool
27308: 09:11:30.963 - Destroying ENet buffer allocator
27308: 09:11:30.963 - Destroying TCP buffer allocator
27308: 09:11:30.963 - Destroying TCP socket allocator
27308: 09:11:30.963 - Destroying ENet inbound socket allocator
27308: 09:11:30.963 - Destroying ENet outbound socket allocator
27308: 09:11:30.963 - Destroying shared datagram flow control data
27308: 09:11:30.963 - Shutdown complete...
27308: 09:11:30.963 - Service shutting down
27308: 09:11:30.964 - Service shut down complete
33412: 09:11:34.255 - ---
33412: 09:11:34.255 - Service: "Photon Socket Server" starting
33412: 09:11:34.255 - Config File: C:\Projects\ArcherTank\Server\Photon-OnPremise-Server-Plugin-SDK_v4-0-29-11263\deploy\bin_Win64\PhotonServer.config
33412: 09:11:34.256 - Will produce at most: 10 crash dumps
33412: 09:11:34.256 - Action: run as exe
33412: 09:11:34.257 - Server Starting...
33412: 09:11:34.257 -    Tick count: 464569140 (wraps in: 44.3333 days)
33412: 09:11:34.257 - Tick count 64: 464569140
33412: 09:11:34.257 - Photon Version: 4.0.28.2962
33412: 09:11:34.257 - PID: 18016
33412: 09:11:34.257 - Config File: C:\Projects\ArcherTank\Server\Photon-OnPremise-Server-Plugin-SDK_v4-0-29-11263\deploy\bin_Win64\PhotonServer.config
33412: 09:11:34.257 - Will NOT log unimportant exceptions
33412: 09:11:34.258 - Not using performance counters as they are not currently installed. Run the service with /InstallCounters to install them.
33412: 09:11:34.259 - Shutdown timeout enabled: 30000ms
33412: 09:11:34.259 - Starting I/O thread pool with 2 threads
33412: 09:11:34.259 - Using Standard allocator
33412: 09:11:34.259 - Max message size: 512000
33412: 09:11:34.259 - Starting business logic thread pool with the following settings
33412: 09:11:34.259 - InitialThreads: 4 threads
33412: 09:11:34.259 - MinThreads: 4 threads
33412: 09:11:34.259 - Thread pool is fixed size
33412: 09:11:34.259 - Starting ENet thread pool with the following settings
33412: 09:11:34.259 - InitialThreads: 2 threads
33412: 09:11:34.259 - MinThreads: 2 threads
33412: 09:11:34.259 - Thread pool is fixed size
33412: 09:11:34.259 - OnlyDispatchTimers: False
33412: 09:11:34.259 - S2S: flow control: Max pending writes: 50
33412: 09:11:34.259 - S2S: flow control: Max queued buffers: 200
33412: 09:11:34.259 - S2S: flow control: Max pending writes MUX: 500
33412: 09:11:34.259 - S2S: flow control: Max queued buffers MUX: 2000
33412: 09:11:34.259 - S2S: MaxInboundMessageSize: 512000
33412: 09:11:34.259 - S2S: MaxOutboundMessageSize: 512000
33412: 09:11:34.259 - S2S: No inactivity timeout
33412: 09:11:34.261 - WebSocket S2S: MaxInboundMessageSize: 512000
33412: 09:11:34.261 - WebSocket S2S: MaxOutboundMessageSize: 512000
33412: 09:11:34.261 - WebSocket S2S: No inactivity timeout
33412: 09:11:34.261 - Max Reliable Data In Transit (awaiting ACKs) per peer : 51200 bytes
33412: 09:11:34.261 - Per peer bandwidth limit
33412: 09:11:34.261 - Transmit Rate Limit: 256 KB/Sec
33412: 09:11:34.261 - Limit period: 200ms
33412: 09:11:34.261 - Limit per period: 52428 bytes
33412: 09:11:34.261 - Max queued data for transmission per peer: 512000 bytes
33412: 09:11:34.261 - Minimum retransmit timeout: 200
33412: 09:11:34.261 - No Maximum retransmit timeout
33412: 09:11:34.261 - Minimum ENet timeout: 5000ms
33412: 09:11:34.261 - Maximum ENet timeout: 30000ms
33412: 09:11:34.261 - Max Inbound Reliable Data Queued (awaiting resends of earlier sequence numbers) per peer : 163840 bytes
33412: 09:11:34.261 - No RTT ACK adjustment timeout
33412: 09:11:34.261 - Outbound ENet: MaxInboundMessageSize: 512000
33412: 09:11:34.261 - Outbound ENet: MaxOutboundMessageSize: 512000
33412: 09:11:34.262 - GetRuntime - About to load CLR - versions available:
33412: 09:11:34.262 - v2.0.50727
33412: 09:11:34.262 - v4.0.30319
33412: 09:11:34.262 - Configuration requests: "v2.0.50727"
33412: 09:11:34.262 - About to load version: "v2.0.50727"
33412: 09:11:34.265 - About to load runtime: PhotonHostRuntime.PhotonDomainManager from PhotonHostRuntime, Culture=neutral, PublicKeyToken=02C301B61B060C4D
33412: 09:11:34.265 - CLRBaseDirectory set to "C:\Projects\ArcherTank\Server\Photon-OnPremise-Server-Plugin-SDK_v4-0-29-11263\deploy"
33412: 09:11:34.265 - Optimising event broadcast for 20 or more peers
33412: 09:11:34.265 - Start: About to load CLR - versions available:
33412: 09:11:34.265 - v2.0.50727
33412: 09:11:34.265 - v4.0.30319
33412: 09:11:34.265 - No preference in configuration file, will load latest.
33412: 09:11:34.265 - About to load version: "v4.0.30319"
33412: 09:11:34.266 - Loaded version: "v4.0.30319"
33412: 09:11:34.367 - Photon host runtime loaded
33412: 09:11:35.820 - LICENSE: No license file was found. Starting with Bootstrap License.
33412: 09:11:35.820 - License is valid.
33412: 09:11:35.820 - Licensed for 20 concurrent connections.
33412: 09:11:35.820 - ENet: Max Reliable Data In Transit (awaiting ACKs) per peer : 51200 bytes
33412: 09:11:35.820 - ENet: Per peer bandwidth limit
33412: 09:11:35.820 - ENet: Transmit Rate Limit: 256 KB/Sec
33412: 09:11:35.820 - ENet: Limit period: 200ms
33412: 09:11:35.820 - ENet: Limit per period: 52428 bytes
33412: 09:11:35.820 - ENet: Max queued data for transmission per peer: 512000 bytes
33412: 09:11:35.820 - ENet: Minimum retransmit timeout: 200
33412: 09:11:35.820 - No Maximum retransmit timeout
33412: 09:11:35.820 - ENet: Minimum timeout: 5000ms
33412: 09:11:35.820 - ENet: Maximum timeout: 30000ms
33412: 09:11:35.820 - ENet: Max Inbound Reliable Data Queued (awaiting resends of earlier sequence numbers) per peer : 163840 bytes
33412: 09:11:35.820 - No RTT ACK adjustment timeout
33412: 09:11:35.821 - About to load application: Master from Photon.LoadBalancing
33412: 09:11:35.821 - Auto restart is enabled for application, existing connections will be terminated during restart
33412: 09:11:35.821 - Application will restart 1000ms after the last change detected
33412: 09:11:35.821 - Application will restart if files matching the following are changed: "dll;config"
33412: 09:11:35.821 - Application will NOT restart if files matching the following are changed: "log4net.config"
33412: 09:11:35.865 - Taking reference on default app domain
33412: 09:11:35.899 - Application: "Master" started in app domain: 2
33412: 09:11:35.899 - About to load application: Game from Photon.LoadBalancing
33412: 09:11:35.899 - Auto restart is enabled for application, existing connections will be terminated during restart
33412: 09:11:35.899 - Application will restart 1000ms after the last change detected
33412: 09:11:35.899 - Application will restart if files matching the following are changed: "dll;config"
33412: 09:11:35.899 - Application will NOT restart if files matching the following are changed: "log4net.config"
33412: 09:11:35.943 - Taking reference on default app domain
33412: 09:11:35.993 - Application: "Game" started in app domain: 3
33412: 09:11:35.993 - About to load application: CounterPublisher from CounterPublisher
33412: 09:11:35.993 - Auto restart is enabled for application, existing connections will be terminated during restart
33412: 09:11:35.993 - Application will restart 1000ms after the last change detected
33412: 09:11:35.993 - Application will restart if files matching the following are changed: "dll;config"
33412: 09:11:35.993 - Application will NOT restart if files matching the following are changed: "log4net.config"
33412: 09:11:36.030 - Taking reference on default app domain
33412: 09:11:36.051 - Application: "CounterPublisher" started in app domain: 4
33412: 09:11:36.051 - Adding TCP listener on: 192.168.1.8: 4530 with a listen backlog of: 150
33412: 09:11:36.051 - TCP inactivity timeout: 10000ms
33412: 09:11:36.051 - TCP disconnect timeout: 120000ms
33412: 09:11:36.051 - MaxInboundMessageSize: 512000
33412: 09:11:36.051 - MaxOutboundMessageSize: 512000
33412: 09:11:36.051 - Forcing all applications ids to: "Master"
33412: 09:11:36.051 - Serving policy file requests from: "C:\Projects\ArcherTank\Server\Photon-OnPremise-Server-Plugin-SDK_v4-0-29-11263\deploy\Policy\assets\socket-policy.xml"
33412: 09:11:36.051 - Adding TCP listener on: 192.168.1.8: 4531 with a listen backlog of: 150
33412: 09:11:36.051 - TCP inactivity timeout: 10000ms
33412: 09:11:36.051 - TCP disconnect timeout: 120000ms
33412: 09:11:36.051 - MaxInboundMessageSize: 512000
33412: 09:11:36.051 - MaxOutboundMessageSize: 512000
33412: 09:11:36.051 - Forcing all applications ids to: "Game"
33412: 09:11:36.051 - Serving policy file requests from: "C:\Projects\ArcherTank\Server\Photon-OnPremise-Server-Plugin-SDK_v4-0-29-11263\deploy\Policy\assets\socket-policy.xml"
33412: 09:11:36.051 - Adding TCP listener on: 0.0.0.0: 4520 with a listen backlog of: 150
33412: 09:11:36.051 - TCP inactivity timeout: 5000ms
33412: 09:11:36.051 - TCP disconnect timeout: 120000ms
33412: 09:11:36.051 - MaxInboundMessageSize: 512000
33412: 09:11:36.051 - MaxOutboundMessageSize: 512000
33412: 09:11:36.051 - Forcing all applications ids to: "Master"
33412: 09:11:36.051 - MaxInboundMessageSize: 512000
33412: 09:11:36.051 - MaxOutboundMessageSize: 512000
33412: 09:11:36.051 - UDP address specified as: "0.0.0.0" adding listener to each available IPv4 address
33412: 09:11:36.052 - Adding UDP listener on: 192.168.1.8: 5055 with a listen backlog of: 500
33412: 09:11:36.052 - Adding UDP listener on: 127.0.0.1: 5055 with a listen backlog of: 500
33412: 09:11:36.052 - Forcing all applications ids to: "Game"
33412: 09:11:36.052 - MaxInboundMessageSize: 512000
33412: 09:11:36.052 - MaxOutboundMessageSize: 512000
33412: 09:11:36.052 - UDP address specified as: "0.0.0.0" adding listener to each available IPv4 address
33412: 09:11:36.052 - Adding UDP listener on: 192.168.1.8: 5056 with a listen backlog of: 500
33412: 09:11:36.052 - Adding UDP listener on: 127.0.0.1: 5056 with a listen backlog of: 500
33412: 09:11:36.052 - Adding WebSocket TCP listener on: 0.0.0.0: 9090 with a listen backlog of: 150
33412: 09:11:36.052 - Nagle disabled
33412: 09:11:36.052 - TCP inactivity timeout: 10000ms
33412: 09:11:36.052 - MaxInboundMessageSize: 512000
33412: 09:11:36.052 - MaxOutboundMessageSize: 512000
33412: 09:11:36.052 - Forcing all applications ids to: "Master"
33412: 09:11:36.052 - Will accept ANY sub-protocols from the client
33412: 09:11:36.052 - No automatic WebSocket ping
33412: 09:11:36.052 - Adding WebSocket TCP listener on: 0.0.0.0: 9091 with a listen backlog of: 150
33412: 09:11:36.052 - Nagle disabled
33412: 09:11:36.052 - TCP inactivity timeout: 10000ms
33412: 09:11:36.052 - MaxInboundMessageSize: 512000
33412: 09:11:36.052 - MaxOutboundMessageSize: 512000
33412: 09:11:36.052 - Forcing all applications ids to: "Game"
33412: 09:11:36.052 - Will accept ANY sub-protocols from the client
33412: 09:11:36.052 - No automatic WebSocket ping
33412: 09:11:36.052 - Adding Policy File listener on: 0.0.0.0: 843 with a listen backlog of: 150 and serving Policy File: "C:\Projects\ArcherTank\Server\Photon-OnPremise-Server-Plugin-SDK_v4-0-29-11263\deploy\Policy\assets\socket-policy.xml"
33412: 09:11:36.052 - TCP inactivity timeout: 1000ms
33412: 09:11:36.052 - Adding Policy File listener on: 0.0.0.0: 943 with a listen backlog of: 150 and serving Policy File: "C:\Projects\ArcherTank\Server\Photon-OnPremise-Server-Plugin-SDK_v4-0-29-11263\deploy\Policy\assets\socket-policy-silverlight.xml"
33412: 09:11:36.052 - TCP inactivity timeout: 1000ms
33412: 09:11:36.076 - Service is running...
2688: 09:28:09.194 - CThreadPool::Process - Exception - PeerAppSelection() - Init: Unexpected protocol, expected value is between 1.2 and 1.7
