23848: 20:36:32.952 - ---
23848: 20:36:32.952 - Service: "Photon Socket Server" starting
23848: 20:36:32.952 - Config File: C:\Projects\ArcherTank\Server\Photon-OnPremise-Server-Plugin-SDK_v4-0-29-11263\deploy\bin_Win64\PhotonServer.config
23848: 20:36:32.957 - Will produce at most: 10 crash dumps
23848: 20:36:32.957 - Action: run as exe
23848: 20:36:32.958 - Server Starting...
23848: 20:36:32.958 -    Tick count: 87229625 (wraps in: 48.7007 days)
23848: 20:36:32.958 - Tick count 64: 87229625
23848: 20:36:32.959 - Photon Version: 4.0.28.2962
23848: 20:36:32.959 - PID: 2504
23848: 20:36:32.959 - Config File: C:\Projects\ArcherTank\Server\Photon-OnPremise-Server-Plugin-SDK_v4-0-29-11263\deploy\bin_Win64\PhotonServer.config
23848: 20:36:32.959 - Will NOT log unimportant exceptions
23848: 20:36:32.964 - Not using performance counters as they are not currently installed. Run the service with /InstallCounters to install them.
23848: 20:36:32.965 - Shutdown timeout enabled: 30000ms
23848: 20:36:32.966 - Starting I/O thread pool with 2 threads
23848: 20:36:32.966 - Using Standard allocator
23848: 20:36:32.966 - Max message size: 512000
23848: 20:36:32.967 - Starting business logic thread pool with the following settings
23848: 20:36:32.967 - InitialThreads: 4 threads
23848: 20:36:32.967 - MinThreads: 4 threads
23848: 20:36:32.967 - Thread pool is fixed size
23848: 20:36:32.967 - Starting ENet thread pool with the following settings
23848: 20:36:32.967 - InitialThreads: 2 threads
23848: 20:36:32.967 - MinThreads: 2 threads
23848: 20:36:32.967 - Thread pool is fixed size
23848: 20:36:32.967 - OnlyDispatchTimers: False
23848: 20:36:32.968 - S2S: flow control: Max pending writes: 50
23848: 20:36:32.968 - S2S: flow control: Max queued buffers: 200
23848: 20:36:32.968 - S2S: flow control: Max pending writes MUX: 500
23848: 20:36:32.968 - S2S: flow control: Max queued buffers MUX: 2000
23848: 20:36:32.968 - S2S: MaxInboundMessageSize: 512000
23848: 20:36:32.968 - S2S: MaxOutboundMessageSize: 512000
23848: 20:36:32.968 - S2S: No inactivity timeout
23848: 20:36:32.971 - WebSocket S2S: MaxInboundMessageSize: 512000
23848: 20:36:32.971 - WebSocket S2S: MaxOutboundMessageSize: 512000
23848: 20:36:32.971 - WebSocket S2S: No inactivity timeout
23848: 20:36:32.972 - Max Reliable Data In Transit (awaiting ACKs) per peer : 51200 bytes
23848: 20:36:32.972 - Per peer bandwidth limit
23848: 20:36:32.972 - Transmit Rate Limit: 256 KB/Sec
23848: 20:36:32.972 - Limit period: 200ms
23848: 20:36:32.972 - Limit per period: 52428 bytes
23848: 20:36:32.972 - Max queued data for transmission per peer: 512000 bytes
23848: 20:36:32.972 - Minimum retransmit timeout: 200
23848: 20:36:32.972 - No Maximum retransmit timeout
23848: 20:36:32.972 - Minimum ENet timeout: 5000ms
23848: 20:36:32.972 - Maximum ENet timeout: 30000ms
23848: 20:36:32.972 - Max Inbound Reliable Data Queued (awaiting resends of earlier sequence numbers) per peer : 163840 bytes
23848: 20:36:32.972 - No RTT ACK adjustment timeout
23848: 20:36:32.972 - Outbound ENet: MaxInboundMessageSize: 512000
23848: 20:36:32.972 - Outbound ENet: MaxOutboundMessageSize: 512000
23848: 20:36:32.978 - GetRuntime - About to load CLR - versions available:
23848: 20:36:32.978 - v2.0.50727
23848: 20:36:32.978 - v4.0.30319
23848: 20:36:32.978 - Configuration requests: "v2.0.50727"
23848: 20:36:32.978 - About to load version: "v2.0.50727"
23848: 20:36:33.018 - About to load runtime: PhotonHostRuntime.PhotonDomainManager from PhotonHostRuntime, Culture=neutral, PublicKeyToken=02C301B61B060C4D
23848: 20:36:33.018 - CLRBaseDirectory set to "C:\Projects\ArcherTank\Server\Photon-OnPremise-Server-Plugin-SDK_v4-0-29-11263\deploy"
23848: 20:36:33.018 - Optimising event broadcast for 20 or more peers
23848: 20:36:33.019 - Start: About to load CLR - versions available:
23848: 20:36:33.019 - v2.0.50727
23848: 20:36:33.019 - v4.0.30319
23848: 20:36:33.019 - No preference in configuration file, will load latest.
23848: 20:36:33.019 - About to load version: "v4.0.30319"
23848: 20:36:33.021 - Loaded version: "v4.0.30319"
23848: 20:36:33.139 - Photon host runtime loaded
23848: 20:36:34.639 - LICENSE: No license file was found. Starting with Bootstrap License.
23848: 20:36:34.640 - License is valid.
23848: 20:36:34.640 - Licensed for 20 concurrent connections.
23848: 20:36:34.640 - ENet: Max Reliable Data In Transit (awaiting ACKs) per peer : 51200 bytes
23848: 20:36:34.640 - ENet: Per peer bandwidth limit
23848: 20:36:34.640 - ENet: Transmit Rate Limit: 256 KB/Sec
23848: 20:36:34.640 - ENet: Limit period: 200ms
23848: 20:36:34.640 - ENet: Limit per period: 52428 bytes
23848: 20:36:34.640 - ENet: Max queued data for transmission per peer: 512000 bytes
23848: 20:36:34.640 - ENet: Minimum retransmit timeout: 200
23848: 20:36:34.640 - No Maximum retransmit timeout
23848: 20:36:34.640 - ENet: Minimum timeout: 5000ms
23848: 20:36:34.640 - ENet: Maximum timeout: 30000ms
23848: 20:36:34.640 - ENet: Max Inbound Reliable Data Queued (awaiting resends of earlier sequence numbers) per peer : 163840 bytes
23848: 20:36:34.640 - No RTT ACK adjustment timeout
23848: 20:36:34.640 - About to load application: Master from Photon.LoadBalancing
23848: 20:36:34.640 - Auto restart is enabled for application, existing connections will be terminated during restart
23848: 20:36:34.640 - Application will restart 1000ms after the last change detected
23848: 20:36:34.640 - Application will restart if files matching the following are changed: "dll;config"
23848: 20:36:34.640 - Application will NOT restart if files matching the following are changed: "log4net.config"
23848: 20:36:34.703 - Taking reference on default app domain
23848: 20:36:34.759 - Application: "Master" started in app domain: 2
23848: 20:36:34.759 - About to load application: Game from Photon.LoadBalancing
23848: 20:36:34.759 - Auto restart is enabled for application, existing connections will be terminated during restart
23848: 20:36:34.759 - Application will restart 1000ms after the last change detected
23848: 20:36:34.759 - Application will restart if files matching the following are changed: "dll;config"
23848: 20:36:34.759 - Application will NOT restart if files matching the following are changed: "log4net.config"
23848: 20:36:34.811 - Taking reference on default app domain
23848: 20:36:34.896 - Application: "Game" started in app domain: 3
23848: 20:36:34.896 - About to load application: CounterPublisher from CounterPublisher
23848: 20:36:34.896 - Auto restart is enabled for application, existing connections will be terminated during restart
23848: 20:36:34.896 - Application will restart 1000ms after the last change detected
23848: 20:36:34.896 - Application will restart if files matching the following are changed: "dll;config"
23848: 20:36:34.896 - Application will NOT restart if files matching the following are changed: "log4net.config"
23848: 20:36:34.945 - Taking reference on default app domain
23848: 20:36:34.980 - Application: "CounterPublisher" started in app domain: 4
23848: 20:36:34.980 - Adding TCP listener on: 192.168.1.8: 4530 with a listen backlog of: 150
23848: 20:36:34.980 - TCP inactivity timeout: 10000ms
23848: 20:36:34.980 - TCP disconnect timeout: 120000ms
23848: 20:36:34.980 - MaxInboundMessageSize: 512000
23848: 20:36:34.980 - MaxOutboundMessageSize: 512000
23848: 20:36:34.980 - Forcing all applications ids to: "Master"
23848: 20:36:34.980 - Serving policy file requests from: "C:\Projects\ArcherTank\Server\Photon-OnPremise-Server-Plugin-SDK_v4-0-29-11263\deploy\Policy\assets\socket-policy.xml"
23848: 20:36:34.980 - Adding TCP listener on: 192.168.1.8: 4531 with a listen backlog of: 150
23848: 20:36:34.980 - TCP inactivity timeout: 10000ms
23848: 20:36:34.980 - TCP disconnect timeout: 120000ms
23848: 20:36:34.980 - MaxInboundMessageSize: 512000
23848: 20:36:34.980 - MaxOutboundMessageSize: 512000
23848: 20:36:34.980 - Forcing all applications ids to: "Game"
23848: 20:36:34.981 - Serving policy file requests from: "C:\Projects\ArcherTank\Server\Photon-OnPremise-Server-Plugin-SDK_v4-0-29-11263\deploy\Policy\assets\socket-policy.xml"
23848: 20:36:34.981 - Adding TCP listener on: 0.0.0.0: 4520 with a listen backlog of: 150
23848: 20:36:34.981 - TCP inactivity timeout: 5000ms
23848: 20:36:34.981 - TCP disconnect timeout: 120000ms
23848: 20:36:34.981 - MaxInboundMessageSize: 512000
23848: 20:36:34.981 - MaxOutboundMessageSize: 512000
23848: 20:36:34.981 - Forcing all applications ids to: "Master"
23848: 20:36:34.981 - MaxInboundMessageSize: 512000
23848: 20:36:34.981 - MaxOutboundMessageSize: 512000
23848: 20:36:34.981 - UDP address specified as: "0.0.0.0" adding listener to each available IPv4 address
23848: 20:36:34.981 - Adding UDP listener on: 10.130.67.95: 5055 with a listen backlog of: 500
23848: 20:36:34.981 - Adding UDP listener on: 192.168.1.8: 5055 with a listen backlog of: 500
23848: 20:36:34.981 - Adding UDP listener on: 127.0.0.1: 5055 with a listen backlog of: 500
23848: 20:36:34.981 - Forcing all applications ids to: "Game"
23848: 20:36:34.981 - MaxInboundMessageSize: 512000
23848: 20:36:34.981 - MaxOutboundMessageSize: 512000
23848: 20:36:34.981 - UDP address specified as: "0.0.0.0" adding listener to each available IPv4 address
23848: 20:36:34.981 - Adding UDP listener on: 10.130.67.95: 5056 with a listen backlog of: 500
23848: 20:36:34.981 - Adding UDP listener on: 192.168.1.8: 5056 with a listen backlog of: 500
23848: 20:36:34.981 - Adding UDP listener on: 127.0.0.1: 5056 with a listen backlog of: 500
23848: 20:36:34.981 - Adding WebSocket TCP listener on: 0.0.0.0: 9090 with a listen backlog of: 150
23848: 20:36:34.981 - Nagle disabled
23848: 20:36:34.981 - TCP inactivity timeout: 10000ms
23848: 20:36:34.981 - MaxInboundMessageSize: 512000
23848: 20:36:34.981 - MaxOutboundMessageSize: 512000
23848: 20:36:34.981 - Forcing all applications ids to: "Master"
23848: 20:36:34.981 - Will accept ANY sub-protocols from the client
23848: 20:36:34.981 - No automatic WebSocket ping
23848: 20:36:34.983 - Adding WebSocket TCP listener on: 0.0.0.0: 9091 with a listen backlog of: 150
23848: 20:36:34.983 - Nagle disabled
23848: 20:36:34.983 - TCP inactivity timeout: 10000ms
23848: 20:36:34.983 - MaxInboundMessageSize: 512000
23848: 20:36:34.983 - MaxOutboundMessageSize: 512000
23848: 20:36:34.983 - Forcing all applications ids to: "Game"
23848: 20:36:34.983 - Will accept ANY sub-protocols from the client
23848: 20:36:34.983 - No automatic WebSocket ping
23848: 20:36:34.983 - Adding Policy File listener on: 0.0.0.0: 843 with a listen backlog of: 150 and serving Policy File: "C:\Projects\ArcherTank\Server\Photon-OnPremise-Server-Plugin-SDK_v4-0-29-11263\deploy\Policy\assets\socket-policy.xml"
23848: 20:36:34.983 - TCP inactivity timeout: 1000ms
23848: 20:36:34.983 - Adding Policy File listener on: 0.0.0.0: 943 with a listen backlog of: 150 and serving Policy File: "C:\Projects\ArcherTank\Server\Photon-OnPremise-Server-Plugin-SDK_v4-0-29-11263\deploy\Policy\assets\socket-policy-silverlight.xml"
23848: 20:36:34.983 - TCP inactivity timeout: 1000ms
23848: 20:36:35.015 - Service is running...
