2020-04-12 08:56:05,101 [ 1] INFO  PhotonHostRuntime.PhotonDomainManager - Initialize: ApplicationName = 'DefaultDomain', DomainID = '1'
2020-04-12 08:56:05,112 [ 1] INFO  PhotonHostRuntime.PhotonDomainManager - AppDomains with unhandled exceptions are usually not unloaded and restarted.
2020-04-12 08:56:05,113 [ 1] INFO  PhotonHostRuntime.PhotonDomainManager - Getting license information:
2020-04-12 08:56:05,440 [ 1] INFO  PhotonHostRuntime.PhotonLicensing - LICENSE: No license file was found - starting with Bootstrap License.
2020-04-12 08:56:05,440 [ 1] INFO  PhotonHostRuntime.PhotonLicensing - LICENSE: Expiration: never; floating license: no; max connections: 20; valid IPs: any
2020-04-12 08:56:06,842 [ 1] INFO  PhotonHostRuntime.PhotonDomainManager - CreateAppDomain: name = 'Master' , assemblyName = 'Photon.LoadBalancing'
2020-04-12 08:56:06,844 [ 1] INFO  PhotonHostRuntime.PhotonDomainManager -   ApplicationBase = 'C:\Projects\ArcherTank\Server\Photon-OnPremise-Server-Plugin-SDK_v4-0-29-11263\deploy'
2020-04-12 08:56:06,844 [ 1] INFO  PhotonHostRuntime.PhotonDomainManager -   PrivateBinPath = 'C:\Projects\ArcherTank\Server\Photon-OnPremise-Server-Plugin-SDK_v4-0-29-11263\deploy\LoadBalancing\Master\bin;bin_Win64;Shared;'
2020-04-12 08:56:06,844 [ 1] INFO  PhotonHostRuntime.PhotonDomainManager -   ConfigurationFile = 'C:\Projects\ArcherTank\Server\Photon-OnPremise-Server-Plugin-SDK_v4-0-29-11263\deploy\LoadBalancing\Master\bin\Photon.LoadBalancing.dll.config'
2020-04-12 08:56:06,844 [ 1] INFO  PhotonHostRuntime.PhotonDomainManager -   CachePath = 'C:\Projects\ArcherTank\Server\Photon-OnPremise-Server-Plugin-SDK_v4-0-29-11263\deploy\LoadBalancing\Master\bin\Cache'
2020-04-12 08:56:06,890 [ 1] INFO  PhotonHostRuntime.PhotonDomainManager -   ApplicationPath = 'C:\Projects\ArcherTank\Server\Photon-OnPremise-Server-Plugin-SDK_v4-0-29-11263\deploy\LoadBalancing\Master'
2020-04-12 08:56:06,890 [ 1] INFO  PhotonHostRuntime.PhotonDomainManager -   BinaryPath = 'C:\Projects\ArcherTank\Server\Photon-OnPremise-Server-Plugin-SDK_v4-0-29-11263\deploy\LoadBalancing\Master\bin'
2020-04-12 08:56:06,891 [ 1] INFO  PhotonHostRuntime.PhotonDomainManager -   ApplicationRootPath = 'C:\Projects\ArcherTank\Server\Photon-OnPremise-Server-Plugin-SDK_v4-0-29-11263\deploy'
2020-04-12 08:56:06,891 [ 1] INFO  PhotonHostRuntime.PhotonDomainManager -   UnmanagedLogPath = 'C:\Projects\ArcherTank\Server\Photon-OnPremise-Server-Plugin-SDK_v4-0-29-11263\deploy\bin_Win64\log'
2020-04-12 08:56:06,898 [ 1] INFO  PhotonHostRuntime.PhotonDomainManager - AssemblyLoadEvent: Photon.LoadBalancing, Version=4.0.28.11221, Culture=neutral, PublicKeyToken=null from file:///C:/Projects/ArcherTank/Server/Photon-OnPremise-Server-Plugin-SDK_v4-0-29-11263/deploy/LoadBalancing/Master/bin/Photon.LoadBalancing.DLL
2020-04-12 08:56:06,898 [ 1] INFO  PhotonHostRuntime.PhotonDomainManager - Photon SDK:4.0.28.11245
2020-04-12 08:56:06,905 [ 1] INFO  PhotonHostRuntime.PhotonDomainManager - AssemblyLoadEvent: Photon.SocketServer, Version=4.0.28.11245, Culture=neutral, PublicKeyToken=48c2fa3b6988090e from file:///C:/Projects/ArcherTank/Server/Photon-OnPremise-Server-Plugin-SDK_v4-0-29-11263/deploy/LoadBalancing/Master/bin/Photon.SocketServer.DLL
2020-04-12 08:56:06,909 [ 1] INFO  PhotonHostRuntime.PhotonDomainManager - AssemblyLoadEvent: ExitGamesLibs, Version=1.0.4.0, Culture=neutral, PublicKeyToken=eac0edd9746a4aa0 from file:///C:/Projects/ArcherTank/Server/Photon-OnPremise-Server-Plugin-SDK_v4-0-29-11263/deploy/LoadBalancing/Master/bin/ExitGamesLibs.DLL
2020-04-12 08:56:06,927 [ 1] INFO  PhotonHostRuntime.PhotonDomainManager - Starting: name = 'Master', assemblyName = 'Photon.LoadBalancing', typeName = 'Photon.LoadBalancing.MasterServer.MasterApplication'
2020-04-12 08:56:06,928 [ 1] INFO  PhotonHostRuntime.PhotonDomainManager - CreateAppDomain: name = 'Game' , assemblyName = 'Photon.LoadBalancing'
2020-04-12 08:56:06,928 [ 1] INFO  PhotonHostRuntime.PhotonDomainManager -   ApplicationBase = 'C:\Projects\ArcherTank\Server\Photon-OnPremise-Server-Plugin-SDK_v4-0-29-11263\deploy'
2020-04-12 08:56:06,928 [ 1] INFO  PhotonHostRuntime.PhotonDomainManager -   PrivateBinPath = 'C:\Projects\ArcherTank\Server\Photon-OnPremise-Server-Plugin-SDK_v4-0-29-11263\deploy\LoadBalancing\GameServer\bin;bin_Win64;Shared;'
2020-04-12 08:56:06,928 [ 1] INFO  PhotonHostRuntime.PhotonDomainManager -   ConfigurationFile = 'C:\Projects\ArcherTank\Server\Photon-OnPremise-Server-Plugin-SDK_v4-0-29-11263\deploy\LoadBalancing\GameServer\bin\Photon.LoadBalancing.dll.config'
2020-04-12 08:56:06,928 [ 1] INFO  PhotonHostRuntime.PhotonDomainManager -   CachePath = 'C:\Projects\ArcherTank\Server\Photon-OnPremise-Server-Plugin-SDK_v4-0-29-11263\deploy\LoadBalancing\GameServer\bin\Cache'
2020-04-12 08:56:06,963 [ 1] INFO  PhotonHostRuntime.PhotonDomainManager -   ApplicationPath = 'C:\Projects\ArcherTank\Server\Photon-OnPremise-Server-Plugin-SDK_v4-0-29-11263\deploy\LoadBalancing\GameServer'
2020-04-12 08:56:06,963 [ 1] INFO  PhotonHostRuntime.PhotonDomainManager -   BinaryPath = 'C:\Projects\ArcherTank\Server\Photon-OnPremise-Server-Plugin-SDK_v4-0-29-11263\deploy\LoadBalancing\GameServer\bin'
2020-04-12 08:56:06,963 [ 1] INFO  PhotonHostRuntime.PhotonDomainManager -   ApplicationRootPath = 'C:\Projects\ArcherTank\Server\Photon-OnPremise-Server-Plugin-SDK_v4-0-29-11263\deploy'
2020-04-12 08:56:06,963 [ 1] INFO  PhotonHostRuntime.PhotonDomainManager -   UnmanagedLogPath = 'C:\Projects\ArcherTank\Server\Photon-OnPremise-Server-Plugin-SDK_v4-0-29-11263\deploy\bin_Win64\log'
2020-04-12 08:56:06,970 [ 1] INFO  PhotonHostRuntime.PhotonDomainManager - AssemblyLoadEvent: Photon.LoadBalancing, Version=4.0.28.11221, Culture=neutral, PublicKeyToken=null from file:///C:/Projects/ArcherTank/Server/Photon-OnPremise-Server-Plugin-SDK_v4-0-29-11263/deploy/LoadBalancing/GameServer/bin/Photon.LoadBalancing.DLL
2020-04-12 08:56:06,971 [ 1] INFO  PhotonHostRuntime.PhotonDomainManager - Photon SDK:4.0.28.11245
2020-04-12 08:56:06,977 [ 1] INFO  PhotonHostRuntime.PhotonDomainManager - AssemblyLoadEvent: Photon.SocketServer, Version=4.0.28.11245, Culture=neutral, PublicKeyToken=48c2fa3b6988090e from file:///C:/Projects/ArcherTank/Server/Photon-OnPremise-Server-Plugin-SDK_v4-0-29-11263/deploy/LoadBalancing/GameServer/bin/Photon.SocketServer.DLL
2020-04-12 08:56:06,981 [ 1] INFO  PhotonHostRuntime.PhotonDomainManager - AssemblyLoadEvent: Photon.Common, Version=4.0.28.11221, Culture=neutral, PublicKeyToken=null from file:///C:/Projects/ArcherTank/Server/Photon-OnPremise-Server-Plugin-SDK_v4-0-29-11263/deploy/LoadBalancing/GameServer/bin/Photon.Common.DLL
2020-04-12 08:56:06,986 [ 1] INFO  PhotonHostRuntime.PhotonDomainManager - AssemblyLoadEvent: ExitGamesLibs, Version=1.0.4.0, Culture=neutral, PublicKeyToken=eac0edd9746a4aa0 from file:///C:/Projects/ArcherTank/Server/Photon-OnPremise-Server-Plugin-SDK_v4-0-29-11263/deploy/LoadBalancing/GameServer/bin/ExitGamesLibs.DLL
2020-04-12 08:56:06,991 [ 1] INFO  PhotonHostRuntime.PhotonDomainManager - AssemblyLoadEvent: PhotonHive, Version=4.0.28.11221, Culture=neutral, PublicKeyToken=null from file:///C:/Projects/ArcherTank/Server/Photon-OnPremise-Server-Plugin-SDK_v4-0-29-11263/deploy/LoadBalancing/GameServer/bin/PhotonHive.DLL
2020-04-12 08:56:07,014 [ 1] INFO  PhotonHostRuntime.PhotonDomainManager - Starting: name = 'Game', assemblyName = 'Photon.LoadBalancing', typeName = 'Photon.LoadBalancing.GameServer.GameApplication'
2020-04-12 08:56:07,014 [ 1] INFO  PhotonHostRuntime.PhotonDomainManager - CreateAppDomain: name = 'CounterPublisher' , assemblyName = 'CounterPublisher'
2020-04-12 08:56:07,015 [ 1] INFO  PhotonHostRuntime.PhotonDomainManager -   ApplicationBase = 'C:\Projects\ArcherTank\Server\Photon-OnPremise-Server-Plugin-SDK_v4-0-29-11263\deploy'
2020-04-12 08:56:07,015 [ 1] INFO  PhotonHostRuntime.PhotonDomainManager -   PrivateBinPath = 'C:\Projects\ArcherTank\Server\Photon-OnPremise-Server-Plugin-SDK_v4-0-29-11263\deploy\CounterPublisher\bin;bin_Win64;Shared;'
2020-04-12 08:56:07,015 [ 1] INFO  PhotonHostRuntime.PhotonDomainManager -   ConfigurationFile = 'C:\Projects\ArcherTank\Server\Photon-OnPremise-Server-Plugin-SDK_v4-0-29-11263\deploy\CounterPublisher\bin\CounterPublisher.dll.config'
2020-04-12 08:56:07,015 [ 1] INFO  PhotonHostRuntime.PhotonDomainManager -   CachePath = 'C:\Projects\ArcherTank\Server\Photon-OnPremise-Server-Plugin-SDK_v4-0-29-11263\deploy\CounterPublisher\bin\Cache'
2020-04-12 08:56:07,051 [ 1] INFO  PhotonHostRuntime.PhotonDomainManager -   ApplicationPath = 'C:\Projects\ArcherTank\Server\Photon-OnPremise-Server-Plugin-SDK_v4-0-29-11263\deploy\CounterPublisher'
2020-04-12 08:56:07,051 [ 1] INFO  PhotonHostRuntime.PhotonDomainManager -   BinaryPath = 'C:\Projects\ArcherTank\Server\Photon-OnPremise-Server-Plugin-SDK_v4-0-29-11263\deploy\CounterPublisher\bin'
2020-04-12 08:56:07,051 [ 1] INFO  PhotonHostRuntime.PhotonDomainManager -   ApplicationRootPath = 'C:\Projects\ArcherTank\Server\Photon-OnPremise-Server-Plugin-SDK_v4-0-29-11263\deploy'
2020-04-12 08:56:07,051 [ 1] INFO  PhotonHostRuntime.PhotonDomainManager -   UnmanagedLogPath = 'C:\Projects\ArcherTank\Server\Photon-OnPremise-Server-Plugin-SDK_v4-0-29-11263\deploy\bin_Win64\log'
2020-04-12 08:56:07,057 [ 1] INFO  PhotonHostRuntime.PhotonDomainManager - AssemblyLoadEvent: CounterPublisher, Version=4.0.28.11221, Culture=neutral, PublicKeyToken=null from file:///C:/Projects/ArcherTank/Server/Photon-OnPremise-Server-Plugin-SDK_v4-0-29-11263/deploy/CounterPublisher/bin/CounterPublisher.DLL
2020-04-12 08:56:07,057 [ 1] INFO  PhotonHostRuntime.PhotonDomainManager - Photon SDK:4.0.28.11245
2020-04-12 08:56:07,064 [ 1] INFO  PhotonHostRuntime.PhotonDomainManager - AssemblyLoadEvent: Photon.SocketServer, Version=4.0.28.11245, Culture=neutral, PublicKeyToken=48c2fa3b6988090e from file:///C:/Projects/ArcherTank/Server/Photon-OnPremise-Server-Plugin-SDK_v4-0-29-11263/deploy/CounterPublisher/bin/Photon.SocketServer.DLL
2020-04-12 08:56:07,070 [ 1] INFO  PhotonHostRuntime.PhotonDomainManager - AssemblyLoadEvent: ExitGamesLibs, Version=1.0.4.0, Culture=neutral, PublicKeyToken=eac0edd9746a4aa0 from file:///C:/Projects/ArcherTank/Server/Photon-OnPremise-Server-Plugin-SDK_v4-0-29-11263/deploy/CounterPublisher/bin/ExitGamesLibs.DLL
2020-04-12 08:56:07,074 [ 1] INFO  PhotonHostRuntime.PhotonDomainManager - Starting: name = 'CounterPublisher', assemblyName = 'CounterPublisher', typeName = 'Photon.CounterPublisher.Application'
2020-04-12 08:56:07,104 [ 1] INFO  PhotonHostRuntime.PhotonDomainManager - PhotonRunning: ApplicationName = 'CounterPublisher', DomainId='4' -- calling Application.Setup
2020-04-12 08:56:07,108 [ 1] INFO  PhotonHostRuntime.PhotonDomainManager - AssemblyLoadEvent: ExitGames.Logging.Log4Net, Version=1.0.4.0, Culture=neutral, PublicKeyToken=eac0edd9746a4aa0 from file:///C:/Projects/ArcherTank/Server/Photon-OnPremise-Server-Plugin-SDK_v4-0-29-11263/deploy/CounterPublisher/bin/ExitGames.Logging.Log4Net.DLL
2020-04-12 08:56:07,588 [ 1] INFO  PhotonHostRuntime.PhotonDomainManager - PhotonRunning: ApplicationName = 'Game', DomainId='3' -- calling Application.Setup
2020-04-12 08:56:07,595 [ 1] INFO  PhotonHostRuntime.PhotonDomainManager - AssemblyLoadEvent: ExitGames.Logging.Log4Net, Version=1.0.4.0, Culture=neutral, PublicKeyToken=eac0edd9746a4aa0 from file:///C:/Projects/ArcherTank/Server/Photon-OnPremise-Server-Plugin-SDK_v4-0-29-11263/deploy/LoadBalancing/GameServer/bin/ExitGames.Logging.Log4Net.DLL
2020-04-12 08:56:07,667 [ 1] INFO  PhotonHostRuntime.PhotonDomainManager - AssemblyLoadEvent: PhotonHivePlugin, Version=1.0.15.11060, Culture=neutral, PublicKeyToken=null from file:///C:/Projects/ArcherTank/Server/Photon-OnPremise-Server-Plugin-SDK_v4-0-29-11263/deploy/LoadBalancing/GameServer/bin/PhotonHivePlugin.DLL
2020-04-12 08:56:07,673 [ 1] INFO  PhotonHostRuntime.PhotonDomainManager - AssemblyLoadEvent: PhotonHive.WebHooksPlugin1.2, Version=4.0.29.11263, Culture=neutral, PublicKeyToken=null from file:///C:/Projects/ArcherTank/Server/Photon-OnPremise-Server-Plugin-SDK_v4-0-29-11263/deploy/Plugins/WebHooksPlugin1.2/bin/PhotonHive.WebhooksPlugin1.2.dll
2020-04-12 08:56:07,895 [ 1] INFO  PhotonHostRuntime.PhotonDomainManager - PhotonRunning: ApplicationName = 'Master', DomainId='2' -- calling Application.Setup
2020-04-12 08:56:07,899 [ 1] INFO  PhotonHostRuntime.PhotonDomainManager - AssemblyLoadEvent: Photon.Common, Version=4.0.28.11221, Culture=neutral, PublicKeyToken=null from file:///C:/Projects/ArcherTank/Server/Photon-OnPremise-Server-Plugin-SDK_v4-0-29-11263/deploy/LoadBalancing/Master/bin/Photon.Common.DLL
2020-04-12 08:56:07,904 [ 1] INFO  PhotonHostRuntime.PhotonDomainManager - AssemblyLoadEvent: ExitGames.Logging.Log4Net, Version=1.0.4.0, Culture=neutral, PublicKeyToken=eac0edd9746a4aa0 from file:///C:/Projects/ArcherTank/Server/Photon-OnPremise-Server-Plugin-SDK_v4-0-29-11263/deploy/LoadBalancing/Master/bin/ExitGames.Logging.Log4Net.DLL
2020-04-12 08:56:08,157 [ 1] INFO  PhotonHostRuntime.PhotonDomainManager - AssemblyLoadEvent: PhotonHive, Version=4.0.28.11221, Culture=neutral, PublicKeyToken=null from file:///C:/Projects/ArcherTank/Server/Photon-OnPremise-Server-Plugin-SDK_v4-0-29-11263/deploy/LoadBalancing/Master/bin/PhotonHive.DLL
2020-04-12 08:56:08,180 [ 1] INFO  PhotonHostRuntime.PhotonDomainManager - AssemblyLoadEvent: ServiceStack.Redis, Version=3.9.71.0, Culture=neutral, PublicKeyToken=null from file:///C:/Projects/ArcherTank/Server/Photon-OnPremise-Server-Plugin-SDK_v4-0-29-11263/deploy/LoadBalancing/Master/bin/ServiceStack.Redis.DLL
2020-04-12 08:56:08,184 [ 1] INFO  PhotonHostRuntime.PhotonDomainManager - AssemblyLoadEvent: ServiceStack.Interfaces, Version=1.0.0.0, Culture=neutral, PublicKeyToken=null from file:///C:/Projects/ArcherTank/Server/Photon-OnPremise-Server-Plugin-SDK_v4-0-29-11263/deploy/LoadBalancing/Master/bin/ServiceStack.Interfaces.DLL
2020-04-12 08:56:08,195 [ 1] INFO  PhotonHostRuntime.PhotonDomainManager - AssemblyLoadEvent: System.Web, Version=4.0.0.0, Culture=neutral, PublicKeyToken=b03f5f7f11d50a3a from file:///C:/WINDOWS/Microsoft.Net/assembly/GAC_64/System.Web/v4.0_4.0.0.0__b03f5f7f11d50a3a/System.Web.dll
2020-04-12 08:56:08,537 [ 1] INFO  PhotonHostRuntime.PhotonDomainManager - PhotonRunning: ApplicationName = 'DefaultDomain', DomainId='1'
2020-04-12 08:56:08,555 [12] INFO  PhotonHostRuntime.PhotonDomainManager - AssemblyLoadEvent: PhotonHivePlugin, Version=1.0.15.11060, Culture=neutral, PublicKeyToken=null from file:///C:/Projects/ArcherTank/Server/Photon-OnPremise-Server-Plugin-SDK_v4-0-29-11263/deploy/LoadBalancing/Master/bin/PhotonHivePlugin.DLL
2020-04-12 09:11:30,924 [ 1] INFO  PhotonHostRuntime.PhotonDomainManager - RequestStop: ApplicationName = 'DefaultDomain', DomainId='1'
2020-04-12 09:11:34,355 [ 1] INFO  PhotonHostRuntime.PhotonDomainManager - Initialize: ApplicationName = 'DefaultDomain', DomainID = '1'
2020-04-12 09:11:34,366 [ 1] INFO  PhotonHostRuntime.PhotonDomainManager - AppDomains with unhandled exceptions are usually not unloaded and restarted.
2020-04-12 09:11:34,368 [ 1] INFO  PhotonHostRuntime.PhotonDomainManager - Getting license information:
2020-04-12 09:11:34,640 [ 1] INFO  PhotonHostRuntime.PhotonLicensing - LICENSE: No license file was found - starting with Bootstrap License.
2020-04-12 09:11:34,640 [ 1] INFO  PhotonHostRuntime.PhotonLicensing - LICENSE: Expiration: never; floating license: no; max connections: 20; valid IPs: any
2020-04-12 09:11:35,826 [ 1] INFO  PhotonHostRuntime.PhotonDomainManager - CreateAppDomain: name = 'Master' , assemblyName = 'Photon.LoadBalancing'
2020-04-12 09:11:35,827 [ 1] INFO  PhotonHostRuntime.PhotonDomainManager -   ApplicationBase = 'C:\Projects\ArcherTank\Server\Photon-OnPremise-Server-Plugin-SDK_v4-0-29-11263\deploy'
2020-04-12 09:11:35,827 [ 1] INFO  PhotonHostRuntime.PhotonDomainManager -   PrivateBinPath = 'C:\Projects\ArcherTank\Server\Photon-OnPremise-Server-Plugin-SDK_v4-0-29-11263\deploy\LoadBalancing\Master\bin;bin_Win64;Shared;'
2020-04-12 09:11:35,827 [ 1] INFO  PhotonHostRuntime.PhotonDomainManager -   ConfigurationFile = 'C:\Projects\ArcherTank\Server\Photon-OnPremise-Server-Plugin-SDK_v4-0-29-11263\deploy\LoadBalancing\Master\bin\Photon.LoadBalancing.dll.config'
2020-04-12 09:11:35,828 [ 1] INFO  PhotonHostRuntime.PhotonDomainManager -   CachePath = 'C:\Projects\ArcherTank\Server\Photon-OnPremise-Server-Plugin-SDK_v4-0-29-11263\deploy\LoadBalancing\Master\bin\Cache'
2020-04-12 09:11:35,864 [ 1] INFO  PhotonHostRuntime.PhotonDomainManager -   ApplicationPath = 'C:\Projects\ArcherTank\Server\Photon-OnPremise-Server-Plugin-SDK_v4-0-29-11263\deploy\LoadBalancing\Master'
2020-04-12 09:11:35,865 [ 1] INFO  PhotonHostRuntime.PhotonDomainManager -   BinaryPath = 'C:\Projects\ArcherTank\Server\Photon-OnPremise-Server-Plugin-SDK_v4-0-29-11263\deploy\LoadBalancing\Master\bin'
2020-04-12 09:11:35,865 [ 1] INFO  PhotonHostRuntime.PhotonDomainManager -   ApplicationRootPath = 'C:\Projects\ArcherTank\Server\Photon-OnPremise-Server-Plugin-SDK_v4-0-29-11263\deploy'
2020-04-12 09:11:35,865 [ 1] INFO  PhotonHostRuntime.PhotonDomainManager -   UnmanagedLogPath = 'C:\Projects\ArcherTank\Server\Photon-OnPremise-Server-Plugin-SDK_v4-0-29-11263\deploy\bin_Win64\log'
2020-04-12 09:11:35,872 [ 1] INFO  PhotonHostRuntime.PhotonDomainManager - AssemblyLoadEvent: Photon.LoadBalancing, Version=4.0.28.11221, Culture=neutral, PublicKeyToken=null from file:///C:/Projects/ArcherTank/Server/Photon-OnPremise-Server-Plugin-SDK_v4-0-29-11263/deploy/LoadBalancing/Master/bin/Photon.LoadBalancing.DLL
2020-04-12 09:11:35,873 [ 1] INFO  PhotonHostRuntime.PhotonDomainManager - Photon SDK:4.0.28.11245
2020-04-12 09:11:35,879 [ 1] INFO  PhotonHostRuntime.PhotonDomainManager - AssemblyLoadEvent: Photon.SocketServer, Version=4.0.28.11245, Culture=neutral, PublicKeyToken=48c2fa3b6988090e from file:///C:/Projects/ArcherTank/Server/Photon-OnPremise-Server-Plugin-SDK_v4-0-29-11263/deploy/LoadBalancing/Master/bin/Photon.SocketServer.DLL
2020-04-12 09:11:35,885 [ 1] INFO  PhotonHostRuntime.PhotonDomainManager - AssemblyLoadEvent: ExitGamesLibs, Version=1.0.4.0, Culture=neutral, PublicKeyToken=eac0edd9746a4aa0 from file:///C:/Projects/ArcherTank/Server/Photon-OnPremise-Server-Plugin-SDK_v4-0-29-11263/deploy/LoadBalancing/Master/bin/ExitGamesLibs.DLL
2020-04-12 09:11:35,899 [ 1] INFO  PhotonHostRuntime.PhotonDomainManager - Starting: name = 'Master', assemblyName = 'Photon.LoadBalancing', typeName = 'Photon.LoadBalancing.MasterServer.MasterApplication'
2020-04-12 09:11:35,900 [ 1] INFO  PhotonHostRuntime.PhotonDomainManager - CreateAppDomain: name = 'Game' , assemblyName = 'Photon.LoadBalancing'
2020-04-12 09:11:35,900 [ 1] INFO  PhotonHostRuntime.PhotonDomainManager -   ApplicationBase = 'C:\Projects\ArcherTank\Server\Photon-OnPremise-Server-Plugin-SDK_v4-0-29-11263\deploy'
2020-04-12 09:11:35,900 [ 1] INFO  PhotonHostRuntime.PhotonDomainManager -   PrivateBinPath = 'C:\Projects\ArcherTank\Server\Photon-OnPremise-Server-Plugin-SDK_v4-0-29-11263\deploy\LoadBalancing\GameServer\bin;bin_Win64;Shared;'
2020-04-12 09:11:35,900 [ 1] INFO  PhotonHostRuntime.PhotonDomainManager -   ConfigurationFile = 'C:\Projects\ArcherTank\Server\Photon-OnPremise-Server-Plugin-SDK_v4-0-29-11263\deploy\LoadBalancing\GameServer\bin\Photon.LoadBalancing.dll.config'
2020-04-12 09:11:35,900 [ 1] INFO  PhotonHostRuntime.PhotonDomainManager -   CachePath = 'C:\Projects\ArcherTank\Server\Photon-OnPremise-Server-Plugin-SDK_v4-0-29-11263\deploy\LoadBalancing\GameServer\bin\Cache'
2020-04-12 09:11:35,941 [ 1] INFO  PhotonHostRuntime.PhotonDomainManager -   ApplicationPath = 'C:\Projects\ArcherTank\Server\Photon-OnPremise-Server-Plugin-SDK_v4-0-29-11263\deploy\LoadBalancing\GameServer'
2020-04-12 09:11:35,942 [ 1] INFO  PhotonHostRuntime.PhotonDomainManager -   BinaryPath = 'C:\Projects\ArcherTank\Server\Photon-OnPremise-Server-Plugin-SDK_v4-0-29-11263\deploy\LoadBalancing\GameServer\bin'
2020-04-12 09:11:35,942 [ 1] INFO  PhotonHostRuntime.PhotonDomainManager -   ApplicationRootPath = 'C:\Projects\ArcherTank\Server\Photon-OnPremise-Server-Plugin-SDK_v4-0-29-11263\deploy'
2020-04-12 09:11:35,943 [ 1] INFO  PhotonHostRuntime.PhotonDomainManager -   UnmanagedLogPath = 'C:\Projects\ArcherTank\Server\Photon-OnPremise-Server-Plugin-SDK_v4-0-29-11263\deploy\bin_Win64\log'
2020-04-12 09:11:35,950 [ 1] INFO  PhotonHostRuntime.PhotonDomainManager - AssemblyLoadEvent: Photon.LoadBalancing, Version=4.0.28.11221, Culture=neutral, PublicKeyToken=null from file:///C:/Projects/ArcherTank/Server/Photon-OnPremise-Server-Plugin-SDK_v4-0-29-11263/deploy/LoadBalancing/GameServer/bin/Photon.LoadBalancing.DLL
2020-04-12 09:11:35,951 [ 1] INFO  PhotonHostRuntime.PhotonDomainManager - Photon SDK:4.0.28.11245
2020-04-12 09:11:35,957 [ 1] INFO  PhotonHostRuntime.PhotonDomainManager - AssemblyLoadEvent: Photon.SocketServer, Version=4.0.28.11245, Culture=neutral, PublicKeyToken=48c2fa3b6988090e from file:///C:/Projects/ArcherTank/Server/Photon-OnPremise-Server-Plugin-SDK_v4-0-29-11263/deploy/LoadBalancing/GameServer/bin/Photon.SocketServer.DLL
2020-04-12 09:11:35,961 [ 1] INFO  PhotonHostRuntime.PhotonDomainManager - AssemblyLoadEvent: Photon.Common, Version=4.0.28.11221, Culture=neutral, PublicKeyToken=null from file:///C:/Projects/ArcherTank/Server/Photon-OnPremise-Server-Plugin-SDK_v4-0-29-11263/deploy/LoadBalancing/GameServer/bin/Photon.Common.DLL
2020-04-12 09:11:35,966 [ 1] INFO  PhotonHostRuntime.PhotonDomainManager - AssemblyLoadEvent: ExitGamesLibs, Version=1.0.4.0, Culture=neutral, PublicKeyToken=eac0edd9746a4aa0 from file:///C:/Projects/ArcherTank/Server/Photon-OnPremise-Server-Plugin-SDK_v4-0-29-11263/deploy/LoadBalancing/GameServer/bin/ExitGamesLibs.DLL
2020-04-12 09:11:35,971 [ 1] INFO  PhotonHostRuntime.PhotonDomainManager - AssemblyLoadEvent: PhotonHive, Version=4.0.28.11221, Culture=neutral, PublicKeyToken=null from file:///C:/Projects/ArcherTank/Server/Photon-OnPremise-Server-Plugin-SDK_v4-0-29-11263/deploy/LoadBalancing/GameServer/bin/PhotonHive.DLL
2020-04-12 09:11:35,993 [ 1] INFO  PhotonHostRuntime.PhotonDomainManager - Starting: name = 'Game', assemblyName = 'Photon.LoadBalancing', typeName = 'Photon.LoadBalancing.GameServer.GameApplication'
2020-04-12 09:11:35,993 [ 1] INFO  PhotonHostRuntime.PhotonDomainManager - CreateAppDomain: name = 'CounterPublisher' , assemblyName = 'CounterPublisher'
2020-04-12 09:11:35,994 [ 1] INFO  PhotonHostRuntime.PhotonDomainManager -   ApplicationBase = 'C:\Projects\ArcherTank\Server\Photon-OnPremise-Server-Plugin-SDK_v4-0-29-11263\deploy'
2020-04-12 09:11:35,994 [ 1] INFO  PhotonHostRuntime.PhotonDomainManager -   PrivateBinPath = 'C:\Projects\ArcherTank\Server\Photon-OnPremise-Server-Plugin-SDK_v4-0-29-11263\deploy\CounterPublisher\bin;bin_Win64;Shared;'
2020-04-12 09:11:35,994 [ 1] INFO  PhotonHostRuntime.PhotonDomainManager -   ConfigurationFile = 'C:\Projects\ArcherTank\Server\Photon-OnPremise-Server-Plugin-SDK_v4-0-29-11263\deploy\CounterPublisher\bin\CounterPublisher.dll.config'
2020-04-12 09:11:35,994 [ 1] INFO  PhotonHostRuntime.PhotonDomainManager -   CachePath = 'C:\Projects\ArcherTank\Server\Photon-OnPremise-Server-Plugin-SDK_v4-0-29-11263\deploy\CounterPublisher\bin\Cache'
2020-04-12 09:11:36,029 [ 1] INFO  PhotonHostRuntime.PhotonDomainManager -   ApplicationPath = 'C:\Projects\ArcherTank\Server\Photon-OnPremise-Server-Plugin-SDK_v4-0-29-11263\deploy\CounterPublisher'
2020-04-12 09:11:36,029 [ 1] INFO  PhotonHostRuntime.PhotonDomainManager -   BinaryPath = 'C:\Projects\ArcherTank\Server\Photon-OnPremise-Server-Plugin-SDK_v4-0-29-11263\deploy\CounterPublisher\bin'
2020-04-12 09:11:36,029 [ 1] INFO  PhotonHostRuntime.PhotonDomainManager -   ApplicationRootPath = 'C:\Projects\ArcherTank\Server\Photon-OnPremise-Server-Plugin-SDK_v4-0-29-11263\deploy'
2020-04-12 09:11:36,030 [ 1] INFO  PhotonHostRuntime.PhotonDomainManager -   UnmanagedLogPath = 'C:\Projects\ArcherTank\Server\Photon-OnPremise-Server-Plugin-SDK_v4-0-29-11263\deploy\bin_Win64\log'
2020-04-12 09:11:36,035 [ 1] INFO  PhotonHostRuntime.PhotonDomainManager - AssemblyLoadEvent: CounterPublisher, Version=4.0.28.11221, Culture=neutral, PublicKeyToken=null from file:///C:/Projects/ArcherTank/Server/Photon-OnPremise-Server-Plugin-SDK_v4-0-29-11263/deploy/CounterPublisher/bin/CounterPublisher.DLL
2020-04-12 09:11:36,036 [ 1] INFO  PhotonHostRuntime.PhotonDomainManager - Photon SDK:4.0.28.11245
2020-04-12 09:11:36,043 [ 1] INFO  PhotonHostRuntime.PhotonDomainManager - AssemblyLoadEvent: Photon.SocketServer, Version=4.0.28.11245, Culture=neutral, PublicKeyToken=48c2fa3b6988090e from file:///C:/Projects/ArcherTank/Server/Photon-OnPremise-Server-Plugin-SDK_v4-0-29-11263/deploy/CounterPublisher/bin/Photon.SocketServer.DLL
2020-04-12 09:11:36,047 [ 1] INFO  PhotonHostRuntime.PhotonDomainManager - AssemblyLoadEvent: ExitGamesLibs, Version=1.0.4.0, Culture=neutral, PublicKeyToken=eac0edd9746a4aa0 from file:///C:/Projects/ArcherTank/Server/Photon-OnPremise-Server-Plugin-SDK_v4-0-29-11263/deploy/CounterPublisher/bin/ExitGamesLibs.DLL
2020-04-12 09:11:36,050 [ 1] INFO  PhotonHostRuntime.PhotonDomainManager - Starting: name = 'CounterPublisher', assemblyName = 'CounterPublisher', typeName = 'Photon.CounterPublisher.Application'
2020-04-12 09:11:36,077 [ 1] INFO  PhotonHostRuntime.PhotonDomainManager - PhotonRunning: ApplicationName = 'CounterPublisher', DomainId='4' -- calling Application.Setup
2020-04-12 09:11:36,081 [ 1] INFO  PhotonHostRuntime.PhotonDomainManager - AssemblyLoadEvent: ExitGames.Logging.Log4Net, Version=1.0.4.0, Culture=neutral, PublicKeyToken=eac0edd9746a4aa0 from file:///C:/Projects/ArcherTank/Server/Photon-OnPremise-Server-Plugin-SDK_v4-0-29-11263/deploy/CounterPublisher/bin/ExitGames.Logging.Log4Net.DLL
2020-04-12 09:11:36,817 [ 1] INFO  PhotonHostRuntime.PhotonDomainManager - PhotonRunning: ApplicationName = 'Game', DomainId='3' -- calling Application.Setup
2020-04-12 09:11:36,825 [ 1] INFO  PhotonHostRuntime.PhotonDomainManager - AssemblyLoadEvent: ExitGames.Logging.Log4Net, Version=1.0.4.0, Culture=neutral, PublicKeyToken=eac0edd9746a4aa0 from file:///C:/Projects/ArcherTank/Server/Photon-OnPremise-Server-Plugin-SDK_v4-0-29-11263/deploy/LoadBalancing/GameServer/bin/ExitGames.Logging.Log4Net.DLL
2020-04-12 09:11:36,900 [ 1] INFO  PhotonHostRuntime.PhotonDomainManager - AssemblyLoadEvent: PhotonHivePlugin, Version=1.0.15.11060, Culture=neutral, PublicKeyToken=null from file:///C:/Projects/ArcherTank/Server/Photon-OnPremise-Server-Plugin-SDK_v4-0-29-11263/deploy/LoadBalancing/GameServer/bin/PhotonHivePlugin.DLL
2020-04-12 09:11:36,906 [ 1] INFO  PhotonHostRuntime.PhotonDomainManager - AssemblyLoadEvent: PhotonHive.WebHooksPlugin1.2, Version=4.0.29.11263, Culture=neutral, PublicKeyToken=null from file:///C:/Projects/ArcherTank/Server/Photon-OnPremise-Server-Plugin-SDK_v4-0-29-11263/deploy/Plugins/WebHooksPlugin1.2/bin/PhotonHive.WebhooksPlugin1.2.dll
2020-04-12 09:11:37,147 [ 1] INFO  PhotonHostRuntime.PhotonDomainManager - PhotonRunning: ApplicationName = 'Master', DomainId='2' -- calling Application.Setup
2020-04-12 09:11:37,152 [ 1] INFO  PhotonHostRuntime.PhotonDomainManager - AssemblyLoadEvent: Photon.Common, Version=4.0.28.11221, Culture=neutral, PublicKeyToken=null from file:///C:/Projects/ArcherTank/Server/Photon-OnPremise-Server-Plugin-SDK_v4-0-29-11263/deploy/LoadBalancing/Master/bin/Photon.Common.DLL
2020-04-12 09:11:37,156 [ 1] INFO  PhotonHostRuntime.PhotonDomainManager - AssemblyLoadEvent: ExitGames.Logging.Log4Net, Version=1.0.4.0, Culture=neutral, PublicKeyToken=eac0edd9746a4aa0 from file:///C:/Projects/ArcherTank/Server/Photon-OnPremise-Server-Plugin-SDK_v4-0-29-11263/deploy/LoadBalancing/Master/bin/ExitGames.Logging.Log4Net.DLL
2020-04-12 09:11:37,413 [ 1] INFO  PhotonHostRuntime.PhotonDomainManager - AssemblyLoadEvent: PhotonHive, Version=4.0.28.11221, Culture=neutral, PublicKeyToken=null from file:///C:/Projects/ArcherTank/Server/Photon-OnPremise-Server-Plugin-SDK_v4-0-29-11263/deploy/LoadBalancing/Master/bin/PhotonHive.DLL
2020-04-12 09:11:37,437 [ 1] INFO  PhotonHostRuntime.PhotonDomainManager - AssemblyLoadEvent: ServiceStack.Redis, Version=3.9.71.0, Culture=neutral, PublicKeyToken=null from file:///C:/Projects/ArcherTank/Server/Photon-OnPremise-Server-Plugin-SDK_v4-0-29-11263/deploy/LoadBalancing/Master/bin/ServiceStack.Redis.DLL
2020-04-12 09:11:37,441 [ 1] INFO  PhotonHostRuntime.PhotonDomainManager - AssemblyLoadEvent: ServiceStack.Interfaces, Version=1.0.0.0, Culture=neutral, PublicKeyToken=null from file:///C:/Projects/ArcherTank/Server/Photon-OnPremise-Server-Plugin-SDK_v4-0-29-11263/deploy/LoadBalancing/Master/bin/ServiceStack.Interfaces.DLL
2020-04-12 09:11:37,454 [ 1] INFO  PhotonHostRuntime.PhotonDomainManager - AssemblyLoadEvent: System.Web, Version=4.0.0.0, Culture=neutral, PublicKeyToken=b03f5f7f11d50a3a from file:///C:/WINDOWS/Microsoft.Net/assembly/GAC_64/System.Web/v4.0_4.0.0.0__b03f5f7f11d50a3a/System.Web.dll
2020-04-12 09:11:37,791 [ 1] INFO  PhotonHostRuntime.PhotonDomainManager - PhotonRunning: ApplicationName = 'DefaultDomain', DomainId='1'
2020-04-12 09:11:37,808 [13] INFO  PhotonHostRuntime.PhotonDomainManager - AssemblyLoadEvent: PhotonHivePlugin, Version=1.0.15.11060, Culture=neutral, PublicKeyToken=null from file:///C:/Projects/ArcherTank/Server/Photon-OnPremise-Server-Plugin-SDK_v4-0-29-11263/deploy/LoadBalancing/Master/bin/PhotonHivePlugin.DLL
2020-04-12 13:14:34,952 [ 1] INFO  PhotonHostRuntime.PhotonDomainManager - RequestStop: ApplicationName = 'DefaultDomain', DomainId='1'
2020-04-12 13:19:07,582 [ 1] INFO  PhotonHostRuntime.PhotonDomainManager - Initialize: ApplicationName = 'DefaultDomain', DomainID = '1'
2020-04-12 13:19:07,594 [ 1] INFO  PhotonHostRuntime.PhotonDomainManager - AppDomains with unhandled exceptions are usually not unloaded and restarted.
2020-04-12 13:19:07,595 [ 1] INFO  PhotonHostRuntime.PhotonDomainManager - Getting license information:
2020-04-12 13:19:07,896 [ 1] INFO  PhotonHostRuntime.PhotonLicensing - LICENSE: No license file was found - starting with Bootstrap License.
2020-04-12 13:19:07,896 [ 1] INFO  PhotonHostRuntime.PhotonLicensing - LICENSE: Expiration: never; floating license: no; max connections: 20; valid IPs: any
2020-04-12 13:19:09,171 [ 1] INFO  PhotonHostRuntime.PhotonDomainManager - CreateAppDomain: name = 'Master' , assemblyName = 'Photon.LoadBalancing'
2020-04-12 13:19:09,172 [ 1] INFO  PhotonHostRuntime.PhotonDomainManager -   ApplicationBase = 'C:\Projects\ArcherTank\Server\Photon-OnPremise-Server-Plugin-SDK_v4-0-29-11263\deploy'
2020-04-12 13:19:09,172 [ 1] INFO  PhotonHostRuntime.PhotonDomainManager -   PrivateBinPath = 'C:\Projects\ArcherTank\Server\Photon-OnPremise-Server-Plugin-SDK_v4-0-29-11263\deploy\LoadBalancing\Master\bin;bin_Win64;Shared;'
2020-04-12 13:19:09,173 [ 1] INFO  PhotonHostRuntime.PhotonDomainManager -   ConfigurationFile = 'C:\Projects\ArcherTank\Server\Photon-OnPremise-Server-Plugin-SDK_v4-0-29-11263\deploy\LoadBalancing\Master\bin\Photon.LoadBalancing.dll.config'
2020-04-12 13:19:09,173 [ 1] INFO  PhotonHostRuntime.PhotonDomainManager -   CachePath = 'C:\Projects\ArcherTank\Server\Photon-OnPremise-Server-Plugin-SDK_v4-0-29-11263\deploy\LoadBalancing\Master\bin\Cache'
2020-04-12 13:19:09,215 [ 1] INFO  PhotonHostRuntime.PhotonDomainManager -   ApplicationPath = 'C:\Projects\ArcherTank\Server\Photon-OnPremise-Server-Plugin-SDK_v4-0-29-11263\deploy\LoadBalancing\Master'
2020-04-12 13:19:09,215 [ 1] INFO  PhotonHostRuntime.PhotonDomainManager -   BinaryPath = 'C:\Projects\ArcherTank\Server\Photon-OnPremise-Server-Plugin-SDK_v4-0-29-11263\deploy\LoadBalancing\Master\bin'
2020-04-12 13:19:09,216 [ 1] INFO  PhotonHostRuntime.PhotonDomainManager -   ApplicationRootPath = 'C:\Projects\ArcherTank\Server\Photon-OnPremise-Server-Plugin-SDK_v4-0-29-11263\deploy'
2020-04-12 13:19:09,216 [ 1] INFO  PhotonHostRuntime.PhotonDomainManager -   UnmanagedLogPath = 'C:\Projects\ArcherTank\Server\Photon-OnPremise-Server-Plugin-SDK_v4-0-29-11263\deploy\bin_Win64\log'
2020-04-12 13:19:09,224 [ 1] INFO  PhotonHostRuntime.PhotonDomainManager - AssemblyLoadEvent: Photon.LoadBalancing, Version=4.0.28.11221, Culture=neutral, PublicKeyToken=null from file:///C:/Projects/ArcherTank/Server/Photon-OnPremise-Server-Plugin-SDK_v4-0-29-11263/deploy/LoadBalancing/Master/bin/Photon.LoadBalancing.DLL
2020-04-12 13:19:09,225 [ 1] INFO  PhotonHostRuntime.PhotonDomainManager - Photon SDK:4.0.28.11245
2020-04-12 13:19:09,231 [ 1] INFO  PhotonHostRuntime.PhotonDomainManager - AssemblyLoadEvent: Photon.SocketServer, Version=4.0.28.11245, Culture=neutral, PublicKeyToken=48c2fa3b6988090e from file:///C:/Projects/ArcherTank/Server/Photon-OnPremise-Server-Plugin-SDK_v4-0-29-11263/deploy/LoadBalancing/Master/bin/Photon.SocketServer.DLL
2020-04-12 13:19:09,237 [ 1] INFO  PhotonHostRuntime.PhotonDomainManager - AssemblyLoadEvent: ExitGamesLibs, Version=1.0.4.0, Culture=neutral, PublicKeyToken=eac0edd9746a4aa0 from file:///C:/Projects/ArcherTank/Server/Photon-OnPremise-Server-Plugin-SDK_v4-0-29-11263/deploy/LoadBalancing/Master/bin/ExitGamesLibs.DLL
2020-04-12 13:19:09,250 [ 1] INFO  PhotonHostRuntime.PhotonDomainManager - Starting: name = 'Master', assemblyName = 'Photon.LoadBalancing', typeName = 'Photon.LoadBalancing.MasterServer.MasterApplication'
2020-04-12 13:19:09,251 [ 1] INFO  PhotonHostRuntime.PhotonDomainManager - CreateAppDomain: name = 'Game' , assemblyName = 'Photon.LoadBalancing'
2020-04-12 13:19:09,251 [ 1] INFO  PhotonHostRuntime.PhotonDomainManager -   ApplicationBase = 'C:\Projects\ArcherTank\Server\Photon-OnPremise-Server-Plugin-SDK_v4-0-29-11263\deploy'
2020-04-12 13:19:09,252 [ 1] INFO  PhotonHostRuntime.PhotonDomainManager -   PrivateBinPath = 'C:\Projects\ArcherTank\Server\Photon-OnPremise-Server-Plugin-SDK_v4-0-29-11263\deploy\LoadBalancing\GameServer\bin;bin_Win64;Shared;'
2020-04-12 13:19:09,252 [ 1] INFO  PhotonHostRuntime.PhotonDomainManager -   ConfigurationFile = 'C:\Projects\ArcherTank\Server\Photon-OnPremise-Server-Plugin-SDK_v4-0-29-11263\deploy\LoadBalancing\GameServer\bin\Photon.LoadBalancing.dll.config'
2020-04-12 13:19:09,252 [ 1] INFO  PhotonHostRuntime.PhotonDomainManager -   CachePath = 'C:\Projects\ArcherTank\Server\Photon-OnPremise-Server-Plugin-SDK_v4-0-29-11263\deploy\LoadBalancing\GameServer\bin\Cache'
2020-04-12 13:19:09,287 [ 1] INFO  PhotonHostRuntime.PhotonDomainManager -   ApplicationPath = 'C:\Projects\ArcherTank\Server\Photon-OnPremise-Server-Plugin-SDK_v4-0-29-11263\deploy\LoadBalancing\GameServer'
2020-04-12 13:19:09,288 [ 1] INFO  PhotonHostRuntime.PhotonDomainManager -   BinaryPath = 'C:\Projects\ArcherTank\Server\Photon-OnPremise-Server-Plugin-SDK_v4-0-29-11263\deploy\LoadBalancing\GameServer\bin'
2020-04-12 13:19:09,288 [ 1] INFO  PhotonHostRuntime.PhotonDomainManager -   ApplicationRootPath = 'C:\Projects\ArcherTank\Server\Photon-OnPremise-Server-Plugin-SDK_v4-0-29-11263\deploy'
2020-04-12 13:19:09,288 [ 1] INFO  PhotonHostRuntime.PhotonDomainManager -   UnmanagedLogPath = 'C:\Projects\ArcherTank\Server\Photon-OnPremise-Server-Plugin-SDK_v4-0-29-11263\deploy\bin_Win64\log'
2020-04-12 13:19:09,295 [ 1] INFO  PhotonHostRuntime.PhotonDomainManager - AssemblyLoadEvent: Photon.LoadBalancing, Version=4.0.28.11221, Culture=neutral, PublicKeyToken=null from file:///C:/Projects/ArcherTank/Server/Photon-OnPremise-Server-Plugin-SDK_v4-0-29-11263/deploy/LoadBalancing/GameServer/bin/Photon.LoadBalancing.DLL
2020-04-12 13:19:09,295 [ 1] INFO  PhotonHostRuntime.PhotonDomainManager - Photon SDK:4.0.28.11245
2020-04-12 13:19:09,302 [ 1] INFO  PhotonHostRuntime.PhotonDomainManager - AssemblyLoadEvent: Photon.SocketServer, Version=4.0.28.11245, Culture=neutral, PublicKeyToken=48c2fa3b6988090e from file:///C:/Projects/ArcherTank/Server/Photon-OnPremise-Server-Plugin-SDK_v4-0-29-11263/deploy/LoadBalancing/GameServer/bin/Photon.SocketServer.DLL
2020-04-12 13:19:09,306 [ 1] INFO  PhotonHostRuntime.PhotonDomainManager - AssemblyLoadEvent: Photon.Common, Version=4.0.28.11221, Culture=neutral, PublicKeyToken=null from file:///C:/Projects/ArcherTank/Server/Photon-OnPremise-Server-Plugin-SDK_v4-0-29-11263/deploy/LoadBalancing/GameServer/bin/Photon.Common.DLL
2020-04-12 13:19:09,311 [ 1] INFO  PhotonHostRuntime.PhotonDomainManager - AssemblyLoadEvent: ExitGamesLibs, Version=1.0.4.0, Culture=neutral, PublicKeyToken=eac0edd9746a4aa0 from file:///C:/Projects/ArcherTank/Server/Photon-OnPremise-Server-Plugin-SDK_v4-0-29-11263/deploy/LoadBalancing/GameServer/bin/ExitGamesLibs.DLL
2020-04-12 13:19:09,316 [ 1] INFO  PhotonHostRuntime.PhotonDomainManager - AssemblyLoadEvent: PhotonHive, Version=4.0.28.11221, Culture=neutral, PublicKeyToken=null from file:///C:/Projects/ArcherTank/Server/Photon-OnPremise-Server-Plugin-SDK_v4-0-29-11263/deploy/LoadBalancing/GameServer/bin/PhotonHive.DLL
2020-04-12 13:19:09,338 [ 1] INFO  PhotonHostRuntime.PhotonDomainManager - Starting: name = 'Game', assemblyName = 'Photon.LoadBalancing', typeName = 'Photon.LoadBalancing.GameServer.GameApplication'
2020-04-12 13:19:09,338 [ 1] INFO  PhotonHostRuntime.PhotonDomainManager - CreateAppDomain: name = 'CounterPublisher' , assemblyName = 'CounterPublisher'
2020-04-12 13:19:09,339 [ 1] INFO  PhotonHostRuntime.PhotonDomainManager -   ApplicationBase = 'C:\Projects\ArcherTank\Server\Photon-OnPremise-Server-Plugin-SDK_v4-0-29-11263\deploy'
2020-04-12 13:19:09,339 [ 1] INFO  PhotonHostRuntime.PhotonDomainManager -   PrivateBinPath = 'C:\Projects\ArcherTank\Server\Photon-OnPremise-Server-Plugin-SDK_v4-0-29-11263\deploy\CounterPublisher\bin;bin_Win64;Shared;'
2020-04-12 13:19:09,339 [ 1] INFO  PhotonHostRuntime.PhotonDomainManager -   ConfigurationFile = 'C:\Projects\ArcherTank\Server\Photon-OnPremise-Server-Plugin-SDK_v4-0-29-11263\deploy\CounterPublisher\bin\CounterPublisher.dll.config'
2020-04-12 13:19:09,339 [ 1] INFO  PhotonHostRuntime.PhotonDomainManager -   CachePath = 'C:\Projects\ArcherTank\Server\Photon-OnPremise-Server-Plugin-SDK_v4-0-29-11263\deploy\CounterPublisher\bin\Cache'
2020-04-12 13:19:09,374 [ 1] INFO  PhotonHostRuntime.PhotonDomainManager -   ApplicationPath = 'C:\Projects\ArcherTank\Server\Photon-OnPremise-Server-Plugin-SDK_v4-0-29-11263\deploy\CounterPublisher'
2020-04-12 13:19:09,375 [ 1] INFO  PhotonHostRuntime.PhotonDomainManager -   BinaryPath = 'C:\Projects\ArcherTank\Server\Photon-OnPremise-Server-Plugin-SDK_v4-0-29-11263\deploy\CounterPublisher\bin'
2020-04-12 13:19:09,375 [ 1] INFO  PhotonHostRuntime.PhotonDomainManager -   ApplicationRootPath = 'C:\Projects\ArcherTank\Server\Photon-OnPremise-Server-Plugin-SDK_v4-0-29-11263\deploy'
2020-04-12 13:19:09,375 [ 1] INFO  PhotonHostRuntime.PhotonDomainManager -   UnmanagedLogPath = 'C:\Projects\ArcherTank\Server\Photon-OnPremise-Server-Plugin-SDK_v4-0-29-11263\deploy\bin_Win64\log'
2020-04-12 13:19:09,382 [ 1] INFO  PhotonHostRuntime.PhotonDomainManager - AssemblyLoadEvent: CounterPublisher, Version=4.0.28.11221, Culture=neutral, PublicKeyToken=null from file:///C:/Projects/ArcherTank/Server/Photon-OnPremise-Server-Plugin-SDK_v4-0-29-11263/deploy/CounterPublisher/bin/CounterPublisher.DLL
2020-04-12 13:19:09,382 [ 1] INFO  PhotonHostRuntime.PhotonDomainManager - Photon SDK:4.0.28.11245
2020-04-12 13:19:09,388 [ 1] INFO  PhotonHostRuntime.PhotonDomainManager - AssemblyLoadEvent: Photon.SocketServer, Version=4.0.28.11245, Culture=neutral, PublicKeyToken=48c2fa3b6988090e from file:///C:/Projects/ArcherTank/Server/Photon-OnPremise-Server-Plugin-SDK_v4-0-29-11263/deploy/CounterPublisher/bin/Photon.SocketServer.DLL
2020-04-12 13:19:09,393 [ 1] INFO  PhotonHostRuntime.PhotonDomainManager - AssemblyLoadEvent: ExitGamesLibs, Version=1.0.4.0, Culture=neutral, PublicKeyToken=eac0edd9746a4aa0 from file:///C:/Projects/ArcherTank/Server/Photon-OnPremise-Server-Plugin-SDK_v4-0-29-11263/deploy/CounterPublisher/bin/ExitGamesLibs.DLL
2020-04-12 13:19:09,396 [ 1] INFO  PhotonHostRuntime.PhotonDomainManager - Starting: name = 'CounterPublisher', assemblyName = 'CounterPublisher', typeName = 'Photon.CounterPublisher.Application'
2020-04-12 13:19:09,424 [ 1] INFO  PhotonHostRuntime.PhotonDomainManager - PhotonRunning: ApplicationName = 'CounterPublisher', DomainId='4' -- calling Application.Setup
2020-04-12 13:19:09,428 [ 1] INFO  PhotonHostRuntime.PhotonDomainManager - AssemblyLoadEvent: ExitGames.Logging.Log4Net, Version=1.0.4.0, Culture=neutral, PublicKeyToken=eac0edd9746a4aa0 from file:///C:/Projects/ArcherTank/Server/Photon-OnPremise-Server-Plugin-SDK_v4-0-29-11263/deploy/CounterPublisher/bin/ExitGames.Logging.Log4Net.DLL
2020-04-12 13:19:14,494 [ 1] INFO  PhotonHostRuntime.PhotonDomainManager - PhotonRunning: ApplicationName = 'Game', DomainId='3' -- calling Application.Setup
2020-04-12 13:19:14,507 [ 1] INFO  PhotonHostRuntime.PhotonDomainManager - AssemblyLoadEvent: ExitGames.Logging.Log4Net, Version=1.0.4.0, Culture=neutral, PublicKeyToken=eac0edd9746a4aa0 from file:///C:/Projects/ArcherTank/Server/Photon-OnPremise-Server-Plugin-SDK_v4-0-29-11263/deploy/LoadBalancing/GameServer/bin/ExitGames.Logging.Log4Net.DLL
2020-04-12 13:19:14,598 [ 1] INFO  PhotonHostRuntime.PhotonDomainManager - AssemblyLoadEvent: PhotonHivePlugin, Version=1.0.15.11060, Culture=neutral, PublicKeyToken=null from file:///C:/Projects/ArcherTank/Server/Photon-OnPremise-Server-Plugin-SDK_v4-0-29-11263/deploy/LoadBalancing/GameServer/bin/PhotonHivePlugin.DLL
2020-04-12 13:19:14,605 [ 1] INFO  PhotonHostRuntime.PhotonDomainManager - AssemblyLoadEvent: PhotonUnity, Version=1.0.0.0, Culture=neutral, PublicKeyToken=null from file:///C:/Projects/ArcherTank/Server/Photon-OnPremise-Server-Plugin-SDK_v4-0-29-11263/deploy/Plugins/PhotonUnity/bin/PhotonUnity.dll
2020-04-12 13:19:14,943 [ 1] INFO  PhotonHostRuntime.PhotonDomainManager - PhotonRunning: ApplicationName = 'Master', DomainId='2' -- calling Application.Setup
2020-04-12 13:19:14,949 [ 1] INFO  PhotonHostRuntime.PhotonDomainManager - AssemblyLoadEvent: Photon.Common, Version=4.0.28.11221, Culture=neutral, PublicKeyToken=null from file:///C:/Projects/ArcherTank/Server/Photon-OnPremise-Server-Plugin-SDK_v4-0-29-11263/deploy/LoadBalancing/Master/bin/Photon.Common.DLL
2020-04-12 13:19:14,954 [ 1] INFO  PhotonHostRuntime.PhotonDomainManager - AssemblyLoadEvent: ExitGames.Logging.Log4Net, Version=1.0.4.0, Culture=neutral, PublicKeyToken=eac0edd9746a4aa0 from file:///C:/Projects/ArcherTank/Server/Photon-OnPremise-Server-Plugin-SDK_v4-0-29-11263/deploy/LoadBalancing/Master/bin/ExitGames.Logging.Log4Net.DLL
2020-04-12 13:19:15,353 [ 1] INFO  PhotonHostRuntime.PhotonDomainManager - AssemblyLoadEvent: PhotonHive, Version=4.0.28.11221, Culture=neutral, PublicKeyToken=null from file:///C:/Projects/ArcherTank/Server/Photon-OnPremise-Server-Plugin-SDK_v4-0-29-11263/deploy/LoadBalancing/Master/bin/PhotonHive.DLL
2020-04-12 13:19:15,381 [ 1] INFO  PhotonHostRuntime.PhotonDomainManager - AssemblyLoadEvent: ServiceStack.Redis, Version=3.9.71.0, Culture=neutral, PublicKeyToken=null from file:///C:/Projects/ArcherTank/Server/Photon-OnPremise-Server-Plugin-SDK_v4-0-29-11263/deploy/LoadBalancing/Master/bin/ServiceStack.Redis.DLL
2020-04-12 13:19:15,385 [ 1] INFO  PhotonHostRuntime.PhotonDomainManager - AssemblyLoadEvent: ServiceStack.Interfaces, Version=1.0.0.0, Culture=neutral, PublicKeyToken=null from file:///C:/Projects/ArcherTank/Server/Photon-OnPremise-Server-Plugin-SDK_v4-0-29-11263/deploy/LoadBalancing/Master/bin/ServiceStack.Interfaces.DLL
2020-04-12 13:19:15,398 [ 1] INFO  PhotonHostRuntime.PhotonDomainManager - AssemblyLoadEvent: System.Web, Version=4.0.0.0, Culture=neutral, PublicKeyToken=b03f5f7f11d50a3a from file:///C:/WINDOWS/Microsoft.Net/assembly/GAC_64/System.Web/v4.0_4.0.0.0__b03f5f7f11d50a3a/System.Web.dll
2020-04-12 13:19:15,740 [ 1] INFO  PhotonHostRuntime.PhotonDomainManager - PhotonRunning: ApplicationName = 'DefaultDomain', DomainId='1'
2020-04-12 13:19:15,762 [12] INFO  PhotonHostRuntime.PhotonDomainManager - AssemblyLoadEvent: PhotonHivePlugin, Version=1.0.15.11060, Culture=neutral, PublicKeyToken=null from file:///C:/Projects/ArcherTank/Server/Photon-OnPremise-Server-Plugin-SDK_v4-0-29-11263/deploy/LoadBalancing/Master/bin/PhotonHivePlugin.DLL
